2025-06-06 12:13:10,725 - INFO - Début de l'export des modules. Log file: logs\export_modules.log
2025-06-06 12:13:10,726 - INFO - Fichier Excel source: C:\Users\JulienFernandez\OneDrive\Coding\_Projets de code\Addin Elyse Energy - fonctionnel - v2025.06.06.xlsm
2025-06-06 12:13:24,708 - INFO - Module Document exporté: ThisWorkbook.cls
2025-06-06 12:13:24,762 - INFO - Module exporté: env.bas
2025-06-06 12:13:24,812 - INFO - Module Document exporté: Sheet4.cls
2025-06-06 12:13:24,877 - INFO - Module Document exporté: Sheet1.cls
2025-06-06 12:13:24,930 - INFO - Module Document exporté: Sheet2.cls
2025-06-06 12:13:24,974 - INFO - Module exporté: DataLoaderManager.bas
2025-06-06 12:13:25,052 - INFO - Module exporté: AccessProfiles.bas
2025-06-06 12:13:25,121 - INFO - Module exporté: CategoryManager.bas
2025-06-06 12:13:25,232 - INFO - Module exporté: LoadQueries.bas
2025-06-06 12:13:25,285 - INFO - Module exporté: PQDebugTools.bas
2025-06-06 12:13:25,356 - INFO - Module exporté: PQQueryManager.bas
2025-06-06 12:13:25,469 - INFO - Module exporté: RagicDictionary.bas
2025-06-06 12:13:25,544 - INFO - Module exporté: RibbonVisibility.bas
2025-06-06 12:13:25,606 - INFO - Module exporté: SYS_ErrorHandler.bas
2025-06-06 12:13:25,653 - INFO - Module exporté: SYS_Logger.bas
2025-06-06 12:13:25,694 - INFO - Module exporté: Technologies_Manager.bas
2025-06-06 12:13:25,773 - INFO - Module exporté: Types.bas
2025-06-06 12:13:25,836 - INFO - Module exporté: Utilities.bas
2025-06-06 12:15:52,115 - INFO - Début de l'export des modules. Log file: logs\export_modules.log
2025-06-06 12:15:52,116 - INFO - Fichier Excel source: C:\Users\JulienFernandez\OneDrive\Coding\_Projets de code\Addin Elyse Energy - fonctionnel - v2025.06.06.xlsm
2025-06-06 12:16:07,290 - INFO - Module Document exporté: ThisWorkbook.cls
2025-06-06 12:16:07,380 - INFO - Module exporté: env.bas
2025-06-06 12:16:07,443 - INFO - Module Document exporté: Sheet4.cls
2025-06-06 12:16:07,513 - INFO - Module Document exporté: Sheet1.cls
2025-06-06 12:16:07,585 - INFO - Module Document exporté: Sheet2.cls
2025-06-06 12:16:07,641 - INFO - Module exporté: DataLoaderManager.bas
2025-06-06 12:16:07,702 - INFO - Module exporté: AccessProfiles.bas
2025-06-06 12:16:07,757 - INFO - Module exporté: CategoryManager.bas
2025-06-06 12:16:07,816 - INFO - Module exporté: LoadQueries.bas
2025-06-06 12:16:07,894 - INFO - Module exporté: PQDebugTools.bas
2025-06-06 12:16:07,962 - INFO - Module exporté: PQQueryManager.bas
2025-06-06 12:16:08,058 - INFO - Module exporté: RagicDictionary.bas
2025-06-06 12:16:08,113 - INFO - Module exporté: RibbonVisibility.bas
2025-06-06 12:16:08,179 - INFO - Module exporté: SYS_ErrorHandler.bas
2025-06-06 12:16:08,273 - INFO - Module exporté: SYS_Logger.bas
2025-06-06 12:16:08,334 - INFO - Module exporté: Technologies_Manager.bas
2025-06-06 12:16:08,410 - INFO - Module exporté: Types.bas
2025-06-06 12:16:08,463 - INFO - Module exporté: Utilities.bas
2025-06-06 12:17:10,754 - INFO - Début de l'export des modules. Log file: logs\export_modules.log
2025-06-06 12:17:10,755 - INFO - Fichier Excel source: C:\Users\JulienFernandez\OneDrive\Coding\_Projets de code\Addin Elyse Energy - fonctionnel - v2025.06.06.xlsm
2025-06-06 12:17:10,756 - INFO - Dossier d'export: C:\Users\JulienFernandez\OneDrive\Coding\_Projets de code\2025.05 New addin EE perso
2025-06-06 12:17:27,955 - INFO - Module Document exporté: .\ThisWorkbook.cls
2025-06-06 12:17:28,008 - INFO - Module exporté: .\env.bas
2025-06-06 12:17:28,066 - INFO - Module Document exporté: .\Sheet4.cls
2025-06-06 12:17:28,202 - INFO - Module Document exporté: .\Sheet1.cls
2025-06-06 12:17:28,274 - INFO - Module Document exporté: .\Sheet2.cls
2025-06-06 12:17:28,352 - INFO - Module exporté: .\DataLoaderManager.bas
2025-06-06 12:17:28,432 - INFO - Module exporté: .\AccessProfiles.bas
2025-06-06 12:17:28,738 - INFO - Module exporté: .\CategoryManager.bas
2025-06-06 12:17:29,166 - INFO - Module exporté: .\LoadQueries.bas
2025-06-06 12:17:29,655 - INFO - Module exporté: .\PQDebugTools.bas
2025-06-06 12:17:29,912 - INFO - Module exporté: .\PQQueryManager.bas
2025-06-06 12:17:30,012 - INFO - Module exporté: .\RagicDictionary.bas
2025-06-06 12:17:30,179 - INFO - Module exporté: .\RibbonVisibility.bas
2025-06-06 12:17:30,332 - INFO - Module exporté: .\SYS_ErrorHandler.bas
2025-06-06 12:17:30,471 - INFO - Module exporté: .\SYS_Logger.bas
2025-06-06 12:17:30,546 - INFO - Module exporté: .\Technologies_Manager.bas
2025-06-06 12:17:30,602 - INFO - Module exporté: .\Types.bas
2025-06-06 12:17:30,648 - INFO - Module exporté: .\Utilities.bas
2025-06-06 12:18:08,901 - INFO - Début de l'export des modules. Log file: logs\export_modules.log
2025-06-06 12:18:08,902 - INFO - Fichier Excel source: C:\Users\JulienFernandez\OneDrive\Coding\_Projets de code\Addin Elyse Energy - fonctionnel - v2025.06.06.xlsm
2025-06-06 12:18:08,903 - INFO - Dossier d'export: C:\Users\JulienFernandez\OneDrive\Coding\_Projets de code\2025.05 New addin EE perso
2025-06-06 12:18:21,993 - INFO - Module Document exporté: C:\Users\JulienFernandez\OneDrive\Coding\_Projets de code\2025.05 New addin EE perso\ThisWorkbook.cls
2025-06-06 12:18:22,050 - INFO - Module exporté: C:\Users\JulienFernandez\OneDrive\Coding\_Projets de code\2025.05 New addin EE perso\env.bas
2025-06-06 12:18:22,170 - INFO - Module Document exporté: C:\Users\JulienFernandez\OneDrive\Coding\_Projets de code\2025.05 New addin EE perso\Sheet4.cls
2025-06-06 12:18:22,215 - INFO - Module Document exporté: C:\Users\JulienFernandez\OneDrive\Coding\_Projets de code\2025.05 New addin EE perso\Sheet1.cls
2025-06-06 12:18:22,255 - INFO - Module Document exporté: C:\Users\JulienFernandez\OneDrive\Coding\_Projets de code\2025.05 New addin EE perso\Sheet2.cls
2025-06-06 12:18:22,296 - INFO - Module exporté: C:\Users\JulienFernandez\OneDrive\Coding\_Projets de code\2025.05 New addin EE perso\DataLoaderManager.bas
2025-06-06 12:18:22,336 - INFO - Module exporté: C:\Users\JulienFernandez\OneDrive\Coding\_Projets de code\2025.05 New addin EE perso\AccessProfiles.bas
2025-06-06 12:18:22,367 - INFO - Module exporté: C:\Users\JulienFernandez\OneDrive\Coding\_Projets de code\2025.05 New addin EE perso\CategoryManager.bas
2025-06-06 12:18:22,402 - INFO - Module exporté: C:\Users\JulienFernandez\OneDrive\Coding\_Projets de code\2025.05 New addin EE perso\LoadQueries.bas
2025-06-06 12:18:22,436 - INFO - Module exporté: C:\Users\JulienFernandez\OneDrive\Coding\_Projets de code\2025.05 New addin EE perso\PQDebugTools.bas
2025-06-06 12:18:22,469 - INFO - Module exporté: C:\Users\JulienFernandez\OneDrive\Coding\_Projets de code\2025.05 New addin EE perso\PQQueryManager.bas
2025-06-06 12:18:22,508 - INFO - Module exporté: C:\Users\JulienFernandez\OneDrive\Coding\_Projets de code\2025.05 New addin EE perso\RagicDictionary.bas
2025-06-06 12:18:22,537 - INFO - Module exporté: C:\Users\JulienFernandez\OneDrive\Coding\_Projets de code\2025.05 New addin EE perso\RibbonVisibility.bas
2025-06-06 12:18:22,569 - INFO - Module exporté: C:\Users\JulienFernandez\OneDrive\Coding\_Projets de code\2025.05 New addin EE perso\SYS_ErrorHandler.bas
2025-06-06 12:18:22,599 - INFO - Module exporté: C:\Users\JulienFernandez\OneDrive\Coding\_Projets de code\2025.05 New addin EE perso\SYS_Logger.bas
2025-06-06 12:18:22,635 - INFO - Module exporté: C:\Users\JulienFernandez\OneDrive\Coding\_Projets de code\2025.05 New addin EE perso\Technologies_Manager.bas
2025-06-06 12:18:22,675 - INFO - Module exporté: C:\Users\JulienFernandez\OneDrive\Coding\_Projets de code\2025.05 New addin EE perso\Types.bas
2025-06-06 12:18:22,715 - INFO - Module exporté: C:\Users\JulienFernandez\OneDrive\Coding\_Projets de code\2025.05 New addin EE perso\Utilities.bas
2025-06-06 12:23:15,238 - INFO - Début de l'export des modules. Log file: logs\export_modules.log
2025-06-06 12:23:15,238 - INFO - Fichier Excel source: C:\Users\JulienFernandez\OneDrive\Coding\_Projets de code\Addin Elyse Energy - fonctionnel - v2025.06.06.xlsm
2025-06-06 12:23:15,238 - INFO - Dossier d'export: C:\Users\JulienFernandez\OneDrive\Coding\_Projets de code\2025.05 New addin EE perso
2025-06-06 12:23:16,321 - INFO - Module Document exporté: C:\Users\JulienFernandez\OneDrive\Coding\_Projets de code\2025.05 New addin EE perso\ThisWorkbook.cls
2025-06-06 12:23:16,340 - INFO - Converti en UTF-8: C:\Users\JulienFernandez\OneDrive\Coding\_Projets de code\2025.05 New addin EE perso\ThisWorkbook.cls
2025-06-06 12:23:16,446 - INFO - Module exporté: C:\Users\JulienFernandez\OneDrive\Coding\_Projets de code\2025.05 New addin EE perso\env.bas
2025-06-06 12:23:16,485 - INFO - Converti en UTF-8: C:\Users\JulienFernandez\OneDrive\Coding\_Projets de code\2025.05 New addin EE perso\env.bas
2025-06-06 12:23:16,548 - INFO - Module Document exporté: C:\Users\JulienFernandez\OneDrive\Coding\_Projets de code\2025.05 New addin EE perso\Sheet4.cls
2025-06-06 12:23:16,614 - INFO - Converti en UTF-8: C:\Users\JulienFernandez\OneDrive\Coding\_Projets de code\2025.05 New addin EE perso\Sheet4.cls
2025-06-06 12:23:16,699 - INFO - Module Document exporté: C:\Users\JulienFernandez\OneDrive\Coding\_Projets de code\2025.05 New addin EE perso\Sheet1.cls
2025-06-06 12:23:16,735 - INFO - Converti en UTF-8: C:\Users\JulienFernandez\OneDrive\Coding\_Projets de code\2025.05 New addin EE perso\Sheet1.cls
2025-06-06 12:23:16,834 - INFO - Module Document exporté: C:\Users\JulienFernandez\OneDrive\Coding\_Projets de code\2025.05 New addin EE perso\Sheet2.cls
2025-06-06 12:23:16,850 - INFO - Converti en UTF-8: C:\Users\JulienFernandez\OneDrive\Coding\_Projets de code\2025.05 New addin EE perso\Sheet2.cls
2025-06-06 12:23:16,897 - INFO - Module exporté: C:\Users\JulienFernandez\OneDrive\Coding\_Projets de code\2025.05 New addin EE perso\DataLoaderManager.bas
2025-06-06 12:23:16,914 - INFO - Converti en UTF-8: C:\Users\JulienFernandez\OneDrive\Coding\_Projets de code\2025.05 New addin EE perso\DataLoaderManager.bas
2025-06-06 12:23:16,952 - INFO - Module exporté: C:\Users\JulienFernandez\OneDrive\Coding\_Projets de code\2025.05 New addin EE perso\AccessProfiles.bas
2025-06-06 12:23:16,969 - INFO - Converti en UTF-8: C:\Users\JulienFernandez\OneDrive\Coding\_Projets de code\2025.05 New addin EE perso\AccessProfiles.bas
2025-06-06 12:23:17,006 - INFO - Module exporté: C:\Users\JulienFernandez\OneDrive\Coding\_Projets de code\2025.05 New addin EE perso\CategoryManager.bas
2025-06-06 12:23:17,020 - INFO - Converti en UTF-8: C:\Users\JulienFernandez\OneDrive\Coding\_Projets de code\2025.05 New addin EE perso\CategoryManager.bas
2025-06-06 12:23:17,050 - INFO - Module exporté: C:\Users\JulienFernandez\OneDrive\Coding\_Projets de code\2025.05 New addin EE perso\LoadQueries.bas
2025-06-06 12:23:17,068 - INFO - Converti en UTF-8: C:\Users\JulienFernandez\OneDrive\Coding\_Projets de code\2025.05 New addin EE perso\LoadQueries.bas
2025-06-06 12:23:17,119 - INFO - Module exporté: C:\Users\JulienFernandez\OneDrive\Coding\_Projets de code\2025.05 New addin EE perso\PQDebugTools.bas
2025-06-06 12:23:17,142 - INFO - Converti en UTF-8: C:\Users\JulienFernandez\OneDrive\Coding\_Projets de code\2025.05 New addin EE perso\PQDebugTools.bas
2025-06-06 12:23:17,170 - INFO - Module exporté: C:\Users\JulienFernandez\OneDrive\Coding\_Projets de code\2025.05 New addin EE perso\PQQueryManager.bas
2025-06-06 12:23:17,185 - INFO - Converti en UTF-8: C:\Users\JulienFernandez\OneDrive\Coding\_Projets de code\2025.05 New addin EE perso\PQQueryManager.bas
2025-06-06 12:23:17,229 - INFO - Module exporté: C:\Users\JulienFernandez\OneDrive\Coding\_Projets de code\2025.05 New addin EE perso\RagicDictionary.bas
2025-06-06 12:23:17,250 - INFO - Converti en UTF-8: C:\Users\JulienFernandez\OneDrive\Coding\_Projets de code\2025.05 New addin EE perso\RagicDictionary.bas
2025-06-06 12:23:17,280 - INFO - Module exporté: C:\Users\JulienFernandez\OneDrive\Coding\_Projets de code\2025.05 New addin EE perso\RibbonVisibility.bas
2025-06-06 12:23:17,310 - INFO - Converti en UTF-8: C:\Users\JulienFernandez\OneDrive\Coding\_Projets de code\2025.05 New addin EE perso\RibbonVisibility.bas
2025-06-06 12:23:17,336 - INFO - Module exporté: C:\Users\JulienFernandez\OneDrive\Coding\_Projets de code\2025.05 New addin EE perso\SYS_ErrorHandler.bas
2025-06-06 12:23:17,354 - INFO - Converti en UTF-8: C:\Users\JulienFernandez\OneDrive\Coding\_Projets de code\2025.05 New addin EE perso\SYS_ErrorHandler.bas
2025-06-06 12:23:17,394 - INFO - Module exporté: C:\Users\JulienFernandez\OneDrive\Coding\_Projets de code\2025.05 New addin EE perso\SYS_Logger.bas
2025-06-06 12:23:17,412 - INFO - Converti en UTF-8: C:\Users\JulienFernandez\OneDrive\Coding\_Projets de code\2025.05 New addin EE perso\SYS_Logger.bas
2025-06-06 12:23:17,450 - INFO - Module exporté: C:\Users\JulienFernandez\OneDrive\Coding\_Projets de code\2025.05 New addin EE perso\Technologies_Manager.bas
2025-06-06 12:23:17,465 - INFO - Converti en UTF-8: C:\Users\JulienFernandez\OneDrive\Coding\_Projets de code\2025.05 New addin EE perso\Technologies_Manager.bas
2025-06-06 12:23:17,493 - INFO - Module exporté: C:\Users\JulienFernandez\OneDrive\Coding\_Projets de code\2025.05 New addin EE perso\Types.bas
2025-06-06 12:23:17,538 - INFO - Converti en UTF-8: C:\Users\JulienFernandez\OneDrive\Coding\_Projets de code\2025.05 New addin EE perso\Types.bas
2025-06-06 12:23:17,567 - INFO - Module exporté: C:\Users\JulienFernandez\OneDrive\Coding\_Projets de code\2025.05 New addin EE perso\Utilities.bas
2025-06-06 12:23:17,582 - INFO - Converti en UTF-8: C:\Users\JulienFernandez\OneDrive\Coding\_Projets de code\2025.05 New addin EE perso\Utilities.bas
2025-06-06 12:26:27,069 - INFO - Début de l'export des modules. Log file: logs\export_modules.log
2025-06-06 12:26:27,070 - INFO - Fichier Excel source: C:\Users\JulienFernandez\OneDrive\Coding\_Projets de code\Addin Elyse Energy - fonctionnel - v2025.06.06.xlsm
2025-06-06 12:26:27,070 - INFO - Dossier d'export: C:\Users\JulienFernandez\OneDrive\Coding\_Projets de code\2025.05 New addin EE perso
2025-06-06 12:26:36,978 - INFO - Module Document exporté: C:\Users\JulienFernandez\OneDrive\Coding\_Projets de code\2025.05 New addin EE perso\ThisWorkbook.cls
2025-06-06 12:26:36,994 - INFO - Converti en UTF-8: C:\Users\JulienFernandez\OneDrive\Coding\_Projets de code\2025.05 New addin EE perso\ThisWorkbook.cls
2025-06-06 12:26:37,088 - INFO - Module exporté: C:\Users\JulienFernandez\OneDrive\Coding\_Projets de code\2025.05 New addin EE perso\env.bas
2025-06-06 12:26:37,161 - INFO - Converti en UTF-8: C:\Users\JulienFernandez\OneDrive\Coding\_Projets de code\2025.05 New addin EE perso\env.bas
2025-06-06 12:26:37,224 - INFO - Module Document exporté: C:\Users\JulienFernandez\OneDrive\Coding\_Projets de code\2025.05 New addin EE perso\Sheet4.cls
2025-06-06 12:26:37,251 - INFO - Converti en UTF-8: C:\Users\JulienFernandez\OneDrive\Coding\_Projets de code\2025.05 New addin EE perso\Sheet4.cls
2025-06-06 12:26:37,275 - INFO - Module Document exporté: C:\Users\JulienFernandez\OneDrive\Coding\_Projets de code\2025.05 New addin EE perso\Sheet1.cls
2025-06-06 12:26:37,288 - INFO - Converti en UTF-8: C:\Users\JulienFernandez\OneDrive\Coding\_Projets de code\2025.05 New addin EE perso\Sheet1.cls
2025-06-06 12:26:37,329 - INFO - Module Document exporté: C:\Users\JulienFernandez\OneDrive\Coding\_Projets de code\2025.05 New addin EE perso\Sheet2.cls
2025-06-06 12:26:37,357 - INFO - Converti en UTF-8: C:\Users\JulienFernandez\OneDrive\Coding\_Projets de code\2025.05 New addin EE perso\Sheet2.cls
2025-06-06 12:26:37,387 - INFO - Module exporté: C:\Users\JulienFernandez\OneDrive\Coding\_Projets de code\2025.05 New addin EE perso\DataLoaderManager.bas
2025-06-06 12:26:37,406 - INFO - Converti en UTF-8: C:\Users\JulienFernandez\OneDrive\Coding\_Projets de code\2025.05 New addin EE perso\DataLoaderManager.bas
2025-06-06 12:26:37,438 - INFO - Module exporté: C:\Users\JulienFernandez\OneDrive\Coding\_Projets de code\2025.05 New addin EE perso\AccessProfiles.bas
2025-06-06 12:26:37,458 - INFO - Converti en UTF-8: C:\Users\JulienFernandez\OneDrive\Coding\_Projets de code\2025.05 New addin EE perso\AccessProfiles.bas
2025-06-06 12:26:37,489 - INFO - Module exporté: C:\Users\JulienFernandez\OneDrive\Coding\_Projets de code\2025.05 New addin EE perso\CategoryManager.bas
2025-06-06 12:26:37,511 - INFO - Converti en UTF-8: C:\Users\JulienFernandez\OneDrive\Coding\_Projets de code\2025.05 New addin EE perso\CategoryManager.bas
2025-06-06 12:26:37,539 - INFO - Module exporté: C:\Users\JulienFernandez\OneDrive\Coding\_Projets de code\2025.05 New addin EE perso\LoadQueries.bas
2025-06-06 12:26:37,553 - INFO - Converti en UTF-8: C:\Users\JulienFernandez\OneDrive\Coding\_Projets de code\2025.05 New addin EE perso\LoadQueries.bas
2025-06-06 12:26:37,583 - INFO - Module exporté: C:\Users\JulienFernandez\OneDrive\Coding\_Projets de code\2025.05 New addin EE perso\PQDebugTools.bas
2025-06-06 12:26:37,603 - INFO - Converti en UTF-8: C:\Users\JulienFernandez\OneDrive\Coding\_Projets de code\2025.05 New addin EE perso\PQDebugTools.bas
2025-06-06 12:26:37,635 - INFO - Module exporté: C:\Users\JulienFernandez\OneDrive\Coding\_Projets de code\2025.05 New addin EE perso\PQQueryManager.bas
2025-06-06 12:26:37,649 - INFO - Converti en UTF-8: C:\Users\JulienFernandez\OneDrive\Coding\_Projets de code\2025.05 New addin EE perso\PQQueryManager.bas
2025-06-06 12:26:37,679 - INFO - Module exporté: C:\Users\JulienFernandez\OneDrive\Coding\_Projets de code\2025.05 New addin EE perso\RagicDictionary.bas
2025-06-06 12:26:37,696 - INFO - Converti en UTF-8: C:\Users\JulienFernandez\OneDrive\Coding\_Projets de code\2025.05 New addin EE perso\RagicDictionary.bas
2025-06-06 12:26:37,721 - INFO - Module exporté: C:\Users\JulienFernandez\OneDrive\Coding\_Projets de code\2025.05 New addin EE perso\RibbonVisibility.bas
2025-06-06 12:26:37,737 - INFO - Converti en UTF-8: C:\Users\JulienFernandez\OneDrive\Coding\_Projets de code\2025.05 New addin EE perso\RibbonVisibility.bas
2025-06-06 12:26:37,767 - INFO - Module exporté: C:\Users\JulienFernandez\OneDrive\Coding\_Projets de code\2025.05 New addin EE perso\SYS_ErrorHandler.bas
2025-06-06 12:26:37,784 - INFO - Converti en UTF-8: C:\Users\JulienFernandez\OneDrive\Coding\_Projets de code\2025.05 New addin EE perso\SYS_ErrorHandler.bas
2025-06-06 12:26:37,815 - INFO - Module exporté: C:\Users\JulienFernandez\OneDrive\Coding\_Projets de code\2025.05 New addin EE perso\SYS_Logger.bas
2025-06-06 12:26:37,833 - INFO - Converti en UTF-8: C:\Users\JulienFernandez\OneDrive\Coding\_Projets de code\2025.05 New addin EE perso\SYS_Logger.bas
2025-06-06 12:26:37,858 - INFO - Module exporté: C:\Users\JulienFernandez\OneDrive\Coding\_Projets de code\2025.05 New addin EE perso\Technologies_Manager.bas
2025-06-06 12:26:37,873 - INFO - Converti en UTF-8: C:\Users\JulienFernandez\OneDrive\Coding\_Projets de code\2025.05 New addin EE perso\Technologies_Manager.bas
2025-06-06 12:26:37,913 - INFO - Module exporté: C:\Users\JulienFernandez\OneDrive\Coding\_Projets de code\2025.05 New addin EE perso\Types.bas
2025-06-06 12:26:37,931 - INFO - Converti en UTF-8: C:\Users\JulienFernandez\OneDrive\Coding\_Projets de code\2025.05 New addin EE perso\Types.bas
2025-06-06 12:26:37,961 - INFO - Module exporté: C:\Users\JulienFernandez\OneDrive\Coding\_Projets de code\2025.05 New addin EE perso\Utilities.bas
2025-06-06 12:26:37,986 - INFO - Converti en UTF-8: C:\Users\JulienFernandez\OneDrive\Coding\_Projets de code\2025.05 New addin EE perso\Utilities.bas
