2025-05-26 23:34:52,240 - INFO - Début de l'injection des modules. Log file: logs\inject_modules_20250526_233452.log
2025-05-26 23:34:52,241 - INFO - Vérification de l'accès au VBA Project
2025-05-26 23:34:52,405 - DEBUG - Excel démarré en mode invisible
2025-05-26 23:34:52,816 - DEBUG - Nouveau classeur créé
2025-05-26 23:34:52,824 - INFO - Accès au VBA Project confirmé
2025-05-26 23:34:52,939 - DEBUG - Classeur temporaire fermé
2025-05-26 23:34:52,955 - DEBUG - Excel fermé
2025-05-26 23:34:53,521 - INFO - Fichier Excel cible: C:\Users\JulienFernandez\OneDrive\Coding\_Projets de code\2025.05 New addin EE perso\Addin Elyse Energy.xlsm
2025-05-26 23:34:53,522 - INFO - Tentative de fermeture de toutes les instances Excel...
2025-05-26 23:34:54,978 - DEBUG - Instance Excel trouvée - PID: 31268, Créé le: 2025-05-26 23:23:30
2025-05-26 23:34:54,979 - INFO - Instance Excel terminée - PID: 31268, Créé le: 2025-05-26 23:23:30
2025-05-26 23:34:54,994 - INFO - Attente de 2 secondes après la fermeture d'Excel...
2025-05-26 23:34:56,994 - INFO - Démarrage d'Excel...
2025-05-26 23:35:02,623 - DEBUG - Excel démarré en mode invisible, alertes désactivées
2025-05-26 23:35:02,623 - INFO - Ouverture du fichier C:\Users\JulienFernandez\OneDrive\Coding\_Projets de code\2025.05 New addin EE perso\Addin Elyse Energy.xlsm...
2025-05-26 23:35:07,605 - INFO - VBA Project accessible
2025-05-26 23:35:07,925 - INFO - Composants actuels: ThisWorkbook, Sheet4, Sheet1, Sheet2, frmCustomMessageBox, frmListSelection, frmMarkdownDisplay, frmTicketInput, APP_MainOrchestrator, CFG_01_CategoryDefinitions, CFG_02_RagicFieldDictionary, CFG_03_CustomDataTypes, CFG_04_EnvironmentVariables, DAT_01_DataLoadManager, DAT_02_QueryLoader, DAT_03_PowerQueryManager, DAT_04_PowerQueryDebug, SEC_01_AccessProfiles, SYS_CoreSystem, SYS_ErrorHandler, SYS_Logger, SYS_MessageBox, SYS_SharePointIntegration, SYS_TicketSystem, UI_02_RibbonLogic, UI_03_RibbonActions, UTL_01_GeneralUtilities
2025-05-26 23:35:07,927 - INFO - UserForms trouvés: frmCustomMessageBox.frm, frmListSelection.frm, frmMarkdownDisplay.frm, frmTicketInput.frm
2025-05-26 23:35:07,928 - INFO - 
Traitement du UserForm: frmCustomMessageBox
2025-05-26 23:35:10,819 - INFO - Ancien UserForm frmCustomMessageBox supprimé
2025-05-26 23:35:10,820 - DEBUG - Import de C:\Users\JulienFernandez\OneDrive\Coding\_Projets de code\2025.05 New addin EE perso\frmCustomMessageBox.frm
2025-05-26 23:35:10,963 - INFO - UserForm frmCustomMessageBox importé avec succès
2025-05-26 23:35:10,964 - INFO - 
Traitement du UserForm: frmListSelection
2025-05-26 23:35:11,030 - INFO - Ancien UserForm frmListSelection supprimé
2025-05-26 23:35:11,031 - DEBUG - Import de C:\Users\JulienFernandez\OneDrive\Coding\_Projets de code\2025.05 New addin EE perso\frmListSelection.frm
2025-05-26 23:35:11,153 - INFO - UserForm frmListSelection importé avec succès
2025-05-26 23:35:11,154 - INFO - 
Traitement du UserForm: frmMarkdownDisplay
2025-05-26 23:35:11,186 - INFO - Ancien UserForm frmMarkdownDisplay supprimé
2025-05-26 23:35:11,186 - DEBUG - Import de C:\Users\JulienFernandez\OneDrive\Coding\_Projets de code\2025.05 New addin EE perso\frmMarkdownDisplay.frm
2025-05-26 23:35:11,251 - INFO - UserForm frmMarkdownDisplay importé avec succès
2025-05-26 23:35:11,252 - INFO - 
Traitement du UserForm: frmTicketInput
2025-05-26 23:35:11,287 - INFO - Ancien UserForm frmTicketInput supprimé
2025-05-26 23:35:11,288 - DEBUG - Import de C:\Users\JulienFernandez\OneDrive\Coding\_Projets de code\2025.05 New addin EE perso\frmTicketInput.frm
2025-05-26 23:35:11,351 - INFO - UserForm frmTicketInput importé avec succès
2025-05-26 23:35:11,353 - INFO - 
Modules trouvés: APP_MainOrchestrator.bas, CFG_01_CategoryDefinitions.bas, CFG_02_RagicFieldDictionary.bas, CFG_03_CustomDataTypes.bas, CFG_04_EnvironmentVariables.bas, DAT_01_DataLoadManager.bas, DAT_02_QueryLoader.bas, DAT_03_PowerQueryManager.bas, DAT_04_PowerQueryDebug.bas, frmCustomMessageBox.bas, frmListSelection.bas, frmMarkdownDisplay.bas, frmTicketInput.bas, SEC_01_AccessProfiles.bas, SYS_CoreSystem.bas, SYS_ErrorHandler.bas, SYS_Logger.bas, SYS_MessageBox.bas, SYS_SharePointIntegration.bas, SYS_TicketSystem.bas, ThisWorkbook.cls, UI_02_RibbonLogic.bas, UI_03_RibbonActions.bas, UTL_01_GeneralUtilities.bas
2025-05-26 23:35:11,355 - DEBUG - Détermination du type de module pour: APP_MainOrchestrator
2025-05-26 23:35:11,355 - DEBUG - APP_MainOrchestrator -> Type: StdModule (1)
2025-05-26 23:35:11,355 - INFO - 
Traitement du module: APP_MainOrchestrator (Type: 1)
2025-05-26 23:35:11,397 - INFO - Ancien module APP_MainOrchestrator supprimé
2025-05-26 23:35:11,397 - INFO - Lecture du fichier: APP_MainOrchestrator.bas
2025-05-26 23:35:11,398 - DEBUG - Taille du fichier: 21670 octets
2025-05-26 23:35:11,640 - DEBUG - Encodage détecté: {'encoding': 'utf-8', 'confidence': 0.99, 'language': ''}
2025-05-26 23:35:11,640 - INFO - Fichier lu avec succès using utf-8
2025-05-26 23:35:11,641 - DEBUG - Contenu lu: 21658 caractères
2025-05-26 23:35:11,754 - DEBUG - Injection du code dans APP_MainOrchestrator
2025-05-26 23:35:11,838 - INFO - Module APP_MainOrchestrator injecté avec succès
2025-05-26 23:35:11,839 - DEBUG - Détermination du type de module pour: CFG_01_CategoryDefinitions
2025-05-26 23:35:11,840 - DEBUG - CFG_01_CategoryDefinitions -> Type: StdModule (1)
2025-05-26 23:35:11,841 - INFO - 
Traitement du module: CFG_01_CategoryDefinitions (Type: 1)
2025-05-26 23:35:11,893 - INFO - Ancien module CFG_01_CategoryDefinitions supprimé
2025-05-26 23:35:11,893 - INFO - Lecture du fichier: CFG_01_CategoryDefinitions.bas
2025-05-26 23:35:11,894 - DEBUG - Taille du fichier: 7273 octets
2025-05-26 23:35:11,904 - DEBUG - Encodage détecté: {'encoding': 'utf-8', 'confidence': 0.99, 'language': ''}
2025-05-26 23:35:11,905 - INFO - Fichier lu avec succès using utf-8
2025-05-26 23:35:11,905 - DEBUG - Contenu lu: 7241 caractères
2025-05-26 23:35:15,494 - DEBUG - Injection du code dans CFG_01_CategoryDefinitions
2025-05-26 23:35:15,532 - INFO - Module CFG_01_CategoryDefinitions injecté avec succès
2025-05-26 23:35:15,532 - DEBUG - Détermination du type de module pour: CFG_02_RagicFieldDictionary
2025-05-26 23:35:15,533 - DEBUG - CFG_02_RagicFieldDictionary -> Type: StdModule (1)
2025-05-26 23:35:15,533 - INFO - 
Traitement du module: CFG_02_RagicFieldDictionary (Type: 1)
2025-05-26 23:35:15,561 - INFO - Ancien module CFG_02_RagicFieldDictionary supprimé
2025-05-26 23:35:15,561 - INFO - Lecture du fichier: CFG_02_RagicFieldDictionary.bas
2025-05-26 23:35:15,562 - DEBUG - Taille du fichier: 7932 octets
2025-05-26 23:35:15,573 - DEBUG - Encodage détecté: {'encoding': 'utf-8', 'confidence': 0.99, 'language': ''}
2025-05-26 23:35:15,574 - INFO - Fichier lu avec succès using utf-8
2025-05-26 23:35:15,575 - DEBUG - Contenu lu: 7887 caractères
2025-05-26 23:35:15,707 - DEBUG - Injection du code dans CFG_02_RagicFieldDictionary
2025-05-26 23:35:15,752 - INFO - Module CFG_02_RagicFieldDictionary injecté avec succès
2025-05-26 23:35:15,753 - DEBUG - Détermination du type de module pour: CFG_03_CustomDataTypes
2025-05-26 23:35:15,753 - DEBUG - CFG_03_CustomDataTypes -> Type: StdModule (1)
2025-05-26 23:35:15,754 - INFO - 
Traitement du module: CFG_03_CustomDataTypes (Type: 1)
2025-05-26 23:35:15,793 - INFO - Ancien module CFG_03_CustomDataTypes supprimé
2025-05-26 23:35:15,794 - INFO - Lecture du fichier: CFG_03_CustomDataTypes.bas
2025-05-26 23:35:15,794 - DEBUG - Taille du fichier: 2688 octets
2025-05-26 23:35:15,802 - DEBUG - Encodage détecté: {'encoding': 'utf-8', 'confidence': 0.99, 'language': ''}
2025-05-26 23:35:15,804 - INFO - Fichier lu avec succès using utf-8
2025-05-26 23:35:15,805 - DEBUG - Contenu lu: 2678 caractères
2025-05-26 23:35:15,882 - DEBUG - Injection du code dans CFG_03_CustomDataTypes
2025-05-26 23:35:15,917 - INFO - Module CFG_03_CustomDataTypes injecté avec succès
2025-05-26 23:35:15,917 - DEBUG - Détermination du type de module pour: CFG_04_EnvironmentVariables
2025-05-26 23:35:15,918 - DEBUG - CFG_04_EnvironmentVariables -> Type: StdModule (1)
2025-05-26 23:35:15,919 - INFO - 
Traitement du module: CFG_04_EnvironmentVariables (Type: 1)
2025-05-26 23:35:15,965 - INFO - Ancien module CFG_04_EnvironmentVariables supprimé
2025-05-26 23:35:15,965 - INFO - Lecture du fichier: CFG_04_EnvironmentVariables.bas
2025-05-26 23:35:15,966 - DEBUG - Taille du fichier: 3235 octets
2025-05-26 23:35:15,999 - DEBUG - EUC-TW Taiwan prober hit error at byte 115
2025-05-26 23:35:16,013 - DEBUG - utf-8  confidence = 0.505
2025-05-26 23:35:16,014 - DEBUG - SHIFT_JIS Japanese confidence = 0.01
2025-05-26 23:35:16,016 - DEBUG - EUC-JP Japanese confidence = 0.01
2025-05-26 23:35:16,016 - DEBUG - GB2312 Chinese confidence = 0.01
2025-05-26 23:35:16,017 - DEBUG - EUC-KR Korean confidence = 0.01
2025-05-26 23:35:16,018 - DEBUG - CP949 Korean confidence = 0.01
2025-05-26 23:35:16,018 - DEBUG - Big5 Chinese confidence = 0.01
2025-05-26 23:35:16,019 - DEBUG - EUC-TW not active
2025-05-26 23:35:16,020 - DEBUG - Johab Korean confidence = 0.01
2025-05-26 23:35:16,021 - DEBUG - windows-1251 Russian confidence = 0.01
2025-05-26 23:35:16,022 - DEBUG - KOI8-R Russian confidence = 0.01
2025-05-26 23:35:16,022 - DEBUG - ISO-8859-5 Russian confidence = 0.01
2025-05-26 23:35:16,022 - DEBUG - MacCyrillic Russian confidence = 0.01
2025-05-26 23:35:16,022 - DEBUG - IBM866 Russian confidence = 0.01
2025-05-26 23:35:16,023 - DEBUG - IBM855 Russian confidence = 0.01
2025-05-26 23:35:16,024 - DEBUG - ISO-8859-7 Greek confidence = 0.01
2025-05-26 23:35:16,025 - DEBUG - windows-1253 Greek confidence = 0.01
2025-05-26 23:35:16,025 - DEBUG - ISO-8859-5 Bulgarian confidence = 0.01
2025-05-26 23:35:16,026 - DEBUG - windows-1251 Bulgarian confidence = 0.01
2025-05-26 23:35:16,026 - DEBUG - TIS-620 Thai confidence = 0.0
2025-05-26 23:35:16,027 - DEBUG - ISO-8859-9 Turkish confidence = 0.47555513522597903
2025-05-26 23:35:16,029 - DEBUG - windows-1255 Hebrew confidence = 0.0
2025-05-26 23:35:16,031 - DEBUG - windows-1255 Hebrew confidence = 0.07258971653425335
2025-05-26 23:35:16,031 - DEBUG - windows-1255 Hebrew confidence = 0.02419657217808445
2025-05-26 23:35:16,032 - DEBUG - Encodage détecté: {'encoding': 'ISO-8859-1', 'confidence': 0.73, 'language': ''}
2025-05-26 23:35:16,033 - DEBUG - Tentative de lecture avec l'encodage: utf-8
2025-05-26 23:35:16,034 - INFO - Fichier lu avec succès using utf-8
2025-05-26 23:35:16,034 - DEBUG - Contenu lu: 3234 caractères
2025-05-26 23:35:16,125 - DEBUG - Injection du code dans CFG_04_EnvironmentVariables
2025-05-26 23:35:16,158 - INFO - Module CFG_04_EnvironmentVariables injecté avec succès
2025-05-26 23:35:16,159 - DEBUG - Détermination du type de module pour: DAT_01_DataLoadManager
2025-05-26 23:35:16,159 - DEBUG - DAT_01_DataLoadManager -> Type: StdModule (1)
2025-05-26 23:35:16,160 - INFO - 
Traitement du module: DAT_01_DataLoadManager (Type: 1)
2025-05-26 23:35:16,204 - INFO - Ancien module DAT_01_DataLoadManager supprimé
2025-05-26 23:35:16,205 - INFO - Lecture du fichier: DAT_01_DataLoadManager.bas
2025-05-26 23:35:16,205 - DEBUG - Taille du fichier: 37499 octets
2025-05-26 23:35:16,258 - DEBUG - Encodage détecté: {'encoding': 'utf-8', 'confidence': 0.99, 'language': ''}
2025-05-26 23:35:16,259 - INFO - Fichier lu avec succès using utf-8
2025-05-26 23:35:16,259 - DEBUG - Contenu lu: 37238 caractères
2025-05-26 23:35:16,342 - DEBUG - Injection du code dans DAT_01_DataLoadManager
2025-05-26 23:35:16,419 - INFO - Module DAT_01_DataLoadManager injecté avec succès
2025-05-26 23:35:16,420 - DEBUG - Détermination du type de module pour: DAT_02_QueryLoader
2025-05-26 23:35:16,420 - DEBUG - DAT_02_QueryLoader -> Type: StdModule (1)
2025-05-26 23:35:16,421 - INFO - 
Traitement du module: DAT_02_QueryLoader (Type: 1)
2025-05-26 23:35:16,457 - INFO - Ancien module DAT_02_QueryLoader supprimé
2025-05-26 23:35:16,457 - INFO - Lecture du fichier: DAT_02_QueryLoader.bas
2025-05-26 23:35:16,459 - DEBUG - Taille du fichier: 12970 octets
2025-05-26 23:35:16,487 - DEBUG - Encodage détecté: {'encoding': 'utf-8', 'confidence': 0.99, 'language': ''}
2025-05-26 23:35:16,488 - INFO - Fichier lu avec succès using utf-8
2025-05-26 23:35:16,488 - DEBUG - Contenu lu: 12900 caractères
2025-05-26 23:35:19,657 - DEBUG - Injection du code dans DAT_02_QueryLoader
2025-05-26 23:35:19,681 - INFO - Module DAT_02_QueryLoader injecté avec succès
2025-05-26 23:35:19,681 - DEBUG - Détermination du type de module pour: DAT_03_PowerQueryManager
2025-05-26 23:35:19,683 - DEBUG - DAT_03_PowerQueryManager -> Type: StdModule (1)
2025-05-26 23:35:19,683 - INFO - 
Traitement du module: DAT_03_PowerQueryManager (Type: 1)
2025-05-26 23:35:19,720 - INFO - Ancien module DAT_03_PowerQueryManager supprimé
2025-05-26 23:35:19,720 - INFO - Lecture du fichier: DAT_03_PowerQueryManager.bas
2025-05-26 23:35:19,720 - DEBUG - Taille du fichier: 15566 octets
2025-05-26 23:35:19,740 - DEBUG - Encodage détecté: {'encoding': 'utf-8', 'confidence': 0.99, 'language': ''}
2025-05-26 23:35:19,741 - INFO - Fichier lu avec succès using utf-8
2025-05-26 23:35:19,742 - DEBUG - Contenu lu: 15486 caractères
2025-05-26 23:35:19,856 - DEBUG - Injection du code dans DAT_03_PowerQueryManager
2025-05-26 23:35:19,881 - INFO - Module DAT_03_PowerQueryManager injecté avec succès
2025-05-26 23:35:19,882 - DEBUG - Détermination du type de module pour: DAT_04_PowerQueryDebug
2025-05-26 23:35:19,882 - DEBUG - DAT_04_PowerQueryDebug -> Type: StdModule (1)
2025-05-26 23:35:19,883 - INFO - 
Traitement du module: DAT_04_PowerQueryDebug (Type: 1)
2025-05-26 23:35:20,118 - INFO - Ancien module DAT_04_PowerQueryDebug supprimé
2025-05-26 23:35:20,119 - INFO - Lecture du fichier: DAT_04_PowerQueryDebug.bas
2025-05-26 23:35:20,121 - DEBUG - Taille du fichier: 10614 octets
2025-05-26 23:35:20,141 - DEBUG - Encodage détecté: {'encoding': 'utf-8', 'confidence': 0.99, 'language': ''}
2025-05-26 23:35:20,142 - INFO - Fichier lu avec succès using utf-8
2025-05-26 23:35:20,143 - DEBUG - Contenu lu: 10518 caractères
2025-05-26 23:35:20,282 - DEBUG - Injection du code dans DAT_04_PowerQueryDebug
2025-05-26 23:35:20,323 - INFO - Module DAT_04_PowerQueryDebug injecté avec succès
2025-05-26 23:35:20,324 - DEBUG - Détermination du type de module pour: frmCustomMessageBox
2025-05-26 23:35:20,324 - DEBUG - frmCustomMessageBox -> Type: MSForm (3)
2025-05-26 23:35:20,326 - INFO - 
Traitement du module: frmCustomMessageBox (Type: 3)
2025-05-26 23:35:20,326 - DEBUG - Module frmCustomMessageBox est un UserForm, déjà traité
2025-05-26 23:35:20,327 - DEBUG - Détermination du type de module pour: frmListSelection
2025-05-26 23:35:20,327 - DEBUG - frmListSelection -> Type: MSForm (3)
2025-05-26 23:35:20,328 - INFO - 
Traitement du module: frmListSelection (Type: 3)
2025-05-26 23:35:20,328 - DEBUG - Module frmListSelection est un UserForm, déjà traité
2025-05-26 23:35:20,329 - DEBUG - Détermination du type de module pour: frmMarkdownDisplay
2025-05-26 23:35:20,330 - DEBUG - frmMarkdownDisplay -> Type: MSForm (3)
2025-05-26 23:35:20,330 - INFO - 
Traitement du module: frmMarkdownDisplay (Type: 3)
2025-05-26 23:35:20,331 - DEBUG - Module frmMarkdownDisplay est un UserForm, déjà traité
2025-05-26 23:35:20,332 - DEBUG - Détermination du type de module pour: frmTicketInput
2025-05-26 23:35:20,332 - DEBUG - frmTicketInput -> Type: MSForm (3)
2025-05-26 23:35:20,333 - INFO - 
Traitement du module: frmTicketInput (Type: 3)
2025-05-26 23:35:20,334 - DEBUG - Module frmTicketInput est un UserForm, déjà traité
2025-05-26 23:35:20,335 - DEBUG - Détermination du type de module pour: SEC_01_AccessProfiles
2025-05-26 23:35:20,335 - DEBUG - SEC_01_AccessProfiles -> Type: StdModule (1)
2025-05-26 23:35:20,336 - INFO - 
Traitement du module: SEC_01_AccessProfiles (Type: 1)
2025-05-26 23:35:20,383 - INFO - Ancien module SEC_01_AccessProfiles supprimé
2025-05-26 23:35:20,384 - INFO - Lecture du fichier: SEC_01_AccessProfiles.bas
2025-05-26 23:35:20,385 - DEBUG - Taille du fichier: 5396 octets
2025-05-26 23:35:20,398 - DEBUG - Encodage détecté: {'encoding': 'utf-8', 'confidence': 0.99, 'language': ''}
2025-05-26 23:35:20,399 - INFO - Fichier lu avec succès using utf-8
2025-05-26 23:35:20,399 - DEBUG - Contenu lu: 5362 caractères
2025-05-26 23:35:20,541 - DEBUG - Injection du code dans SEC_01_AccessProfiles
2025-05-26 23:35:20,571 - INFO - Module SEC_01_AccessProfiles injecté avec succès
2025-05-26 23:35:20,571 - DEBUG - Détermination du type de module pour: SYS_CoreSystem
2025-05-26 23:35:20,572 - DEBUG - SYS_CoreSystem -> Type: StdModule (1)
2025-05-26 23:35:20,572 - INFO - 
Traitement du module: SYS_CoreSystem (Type: 1)
2025-05-26 23:35:20,615 - INFO - Ancien module SYS_CoreSystem supprimé
2025-05-26 23:35:20,616 - INFO - Lecture du fichier: SYS_CoreSystem.bas
2025-05-26 23:35:20,616 - DEBUG - Taille du fichier: 18483 octets
2025-05-26 23:35:20,660 - DEBUG - Encodage détecté: {'encoding': 'utf-8', 'confidence': 0.99, 'language': ''}
2025-05-26 23:35:20,662 - INFO - Fichier lu avec succès using utf-8
2025-05-26 23:35:20,663 - DEBUG - Contenu lu: 18476 caractères
2025-05-26 23:35:23,622 - DEBUG - Injection du code dans SYS_CoreSystem
2025-05-26 23:35:23,676 - INFO - Module SYS_CoreSystem injecté avec succès
2025-05-26 23:35:23,681 - DEBUG - Détermination du type de module pour: SYS_ErrorHandler
2025-05-26 23:35:23,683 - DEBUG - SYS_ErrorHandler -> Type: StdModule (1)
2025-05-26 23:35:23,683 - INFO - 
Traitement du module: SYS_ErrorHandler (Type: 1)
2025-05-26 23:35:23,822 - INFO - Ancien module SYS_ErrorHandler supprimé
2025-05-26 23:35:23,823 - INFO - Lecture du fichier: SYS_ErrorHandler.bas
2025-05-26 23:35:23,823 - DEBUG - Taille du fichier: 30356 octets
2025-05-26 23:35:23,865 - DEBUG - Encodage détecté: {'encoding': 'utf-8', 'confidence': 0.99, 'language': ''}
2025-05-26 23:35:23,866 - INFO - Fichier lu avec succès using utf-8
2025-05-26 23:35:23,866 - DEBUG - Contenu lu: 30347 caractères
2025-05-26 23:35:23,937 - DEBUG - Injection du code dans SYS_ErrorHandler
2025-05-26 23:35:23,994 - INFO - Module SYS_ErrorHandler injecté avec succès
2025-05-26 23:35:23,995 - DEBUG - Détermination du type de module pour: SYS_Logger
2025-05-26 23:35:23,995 - DEBUG - SYS_Logger -> Type: StdModule (1)
2025-05-26 23:35:23,996 - INFO - 
Traitement du module: SYS_Logger (Type: 1)
2025-05-26 23:35:24,035 - INFO - Ancien module SYS_Logger supprimé
2025-05-26 23:35:24,036 - INFO - Lecture du fichier: SYS_Logger.bas
2025-05-26 23:35:24,037 - DEBUG - Taille du fichier: 25482 octets
2025-05-26 23:35:24,316 - DEBUG - EUC-TW Taiwan prober hit error at byte 10044
2025-05-26 23:35:24,432 - DEBUG - utf-8  confidence = 0.938125
2025-05-26 23:35:24,435 - DEBUG - SHIFT_JIS Japanese confidence = 0.01
2025-05-26 23:35:24,435 - DEBUG - EUC-JP Japanese confidence = 0.01
2025-05-26 23:35:24,436 - DEBUG - GB2312 Chinese confidence = 0.01
2025-05-26 23:35:24,436 - DEBUG - EUC-KR Korean confidence = 0.01
2025-05-26 23:35:24,439 - DEBUG - CP949 Korean confidence = 0.01
2025-05-26 23:35:24,439 - DEBUG - Big5 Chinese confidence = 0.01
2025-05-26 23:35:24,440 - DEBUG - EUC-TW not active
2025-05-26 23:35:24,440 - DEBUG - Johab Korean confidence = 0.01
2025-05-26 23:35:24,441 - DEBUG - windows-1251 Russian confidence = 0.01
2025-05-26 23:35:24,442 - DEBUG - KOI8-R Russian confidence = 0.01
2025-05-26 23:35:24,443 - DEBUG - ISO-8859-5 Russian confidence = 0.01
2025-05-26 23:35:24,444 - DEBUG - MacCyrillic Russian confidence = 0.01
2025-05-26 23:35:24,445 - DEBUG - IBM866 Russian confidence = 0.01
2025-05-26 23:35:24,445 - DEBUG - IBM855 Russian confidence = 0.01
2025-05-26 23:35:24,445 - DEBUG - ISO-8859-7 Greek confidence = 0.0
2025-05-26 23:35:24,445 - DEBUG - windows-1253 Greek confidence = 0.0
2025-05-26 23:35:24,447 - DEBUG - ISO-8859-5 Bulgarian confidence = 0.01
2025-05-26 23:35:24,447 - DEBUG - windows-1251 Bulgarian confidence = 0.01
2025-05-26 23:35:24,448 - DEBUG - TIS-620 Thai confidence = 0.014587346433898519
2025-05-26 23:35:24,448 - DEBUG - ISO-8859-9 Turkish confidence = 0.4539534791614227
2025-05-26 23:35:24,449 - DEBUG - windows-1255 Hebrew confidence = 0.0
2025-05-26 23:35:24,450 - DEBUG - windows-1255 Hebrew confidence = 0.09475900834066045
2025-05-26 23:35:24,451 - DEBUG - windows-1255 Hebrew confidence = 0.052643893522589136
2025-05-26 23:35:24,452 - DEBUG - utf-8  confidence = 0.938125
2025-05-26 23:35:24,452 - DEBUG - SHIFT_JIS Japanese confidence = 0.01
2025-05-26 23:35:24,454 - DEBUG - EUC-JP Japanese confidence = 0.01
2025-05-26 23:35:24,455 - DEBUG - GB2312 Chinese confidence = 0.01
2025-05-26 23:35:24,455 - DEBUG - EUC-KR Korean confidence = 0.01
2025-05-26 23:35:24,456 - DEBUG - CP949 Korean confidence = 0.01
2025-05-26 23:35:24,457 - DEBUG - Big5 Chinese confidence = 0.01
2025-05-26 23:35:24,457 - DEBUG - EUC-TW not active
2025-05-26 23:35:24,457 - DEBUG - Johab Korean confidence = 0.01
2025-05-26 23:35:24,458 - DEBUG - Encodage détecté: {'encoding': 'utf-8', 'confidence': 0.938125, 'language': ''}
2025-05-26 23:35:24,458 - INFO - Fichier lu avec succès using utf-8
2025-05-26 23:35:24,458 - DEBUG - Contenu lu: 25478 caractères
2025-05-26 23:35:27,767 - DEBUG - Injection du code dans SYS_Logger
2025-05-26 23:35:27,812 - INFO - Module SYS_Logger injecté avec succès
2025-05-26 23:35:27,813 - DEBUG - Détermination du type de module pour: SYS_MessageBox
2025-05-26 23:35:27,813 - DEBUG - SYS_MessageBox -> Type: StdModule (1)
2025-05-26 23:35:27,813 - INFO - 
Traitement du module: SYS_MessageBox (Type: 1)
2025-05-26 23:35:27,854 - INFO - Ancien module SYS_MessageBox supprimé
2025-05-26 23:35:27,854 - INFO - Lecture du fichier: SYS_MessageBox.bas
2025-05-26 23:35:27,855 - DEBUG - Taille du fichier: 28252 octets
2025-05-26 23:35:27,896 - DEBUG - Encodage détecté: {'encoding': 'utf-8', 'confidence': 0.99, 'language': ''}
2025-05-26 23:35:27,897 - INFO - Fichier lu avec succès using utf-8
2025-05-26 23:35:27,898 - DEBUG - Contenu lu: 28242 caractères
2025-05-26 23:35:27,968 - DEBUG - Injection du code dans SYS_MessageBox
2025-05-26 23:35:28,013 - INFO - Module SYS_MessageBox injecté avec succès
2025-05-26 23:35:28,013 - DEBUG - Détermination du type de module pour: SYS_SharePointIntegration
2025-05-26 23:35:28,014 - DEBUG - SYS_SharePointIntegration -> Type: StdModule (1)
2025-05-26 23:35:28,015 - INFO - 
Traitement du module: SYS_SharePointIntegration (Type: 1)
2025-05-26 23:35:28,058 - INFO - Ancien module SYS_SharePointIntegration supprimé
2025-05-26 23:35:28,061 - INFO - Lecture du fichier: SYS_SharePointIntegration.bas
2025-05-26 23:35:28,062 - DEBUG - Taille du fichier: 28813 octets
2025-05-26 23:35:28,087 - DEBUG - Encodage détecté: {'encoding': 'ascii', 'confidence': 1.0, 'language': ''}
2025-05-26 23:35:28,088 - INFO - Fichier lu avec succès using ascii
2025-05-26 23:35:28,088 - DEBUG - Contenu lu: 28813 caractères
2025-05-26 23:35:28,155 - DEBUG - Injection du code dans SYS_SharePointIntegration
2025-05-26 23:35:28,211 - INFO - Module SYS_SharePointIntegration injecté avec succès
2025-05-26 23:35:28,212 - DEBUG - Détermination du type de module pour: SYS_TicketSystem
2025-05-26 23:35:28,212 - DEBUG - SYS_TicketSystem -> Type: StdModule (1)
2025-05-26 23:35:28,213 - INFO - 
Traitement du module: SYS_TicketSystem (Type: 1)
2025-05-26 23:35:28,249 - INFO - Ancien module SYS_TicketSystem supprimé
2025-05-26 23:35:28,250 - INFO - Lecture du fichier: SYS_TicketSystem.bas
2025-05-26 23:35:28,252 - DEBUG - Taille du fichier: 23125 octets
2025-05-26 23:35:28,379 - DEBUG - EUC-JP Japanese prober hit error at byte 16819
2025-05-26 23:35:28,418 - DEBUG - EUC-KR Korean prober hit error at byte 16819
2025-05-26 23:35:28,437 - DEBUG - CP949 Korean prober hit error at byte 16819
2025-05-26 23:35:28,454 - DEBUG - Big5 Chinese prober hit error at byte 16820
2025-05-26 23:35:28,476 - DEBUG - EUC-TW Taiwan prober hit error at byte 16819
2025-05-26 23:35:28,596 - DEBUG - utf-8 not active
2025-05-26 23:35:28,597 - DEBUG - SHIFT_JIS Japanese confidence = 0.01
2025-05-26 23:35:28,598 - DEBUG - EUC-JP not active
2025-05-26 23:35:28,598 - DEBUG - GB2312 Chinese confidence = 0.01
2025-05-26 23:35:28,598 - DEBUG - EUC-KR not active
2025-05-26 23:35:28,598 - DEBUG - CP949 not active
2025-05-26 23:35:28,599 - DEBUG - Big5 not active
2025-05-26 23:35:28,599 - DEBUG - EUC-TW not active
2025-05-26 23:35:28,599 - DEBUG - Johab Korean confidence = 0.01
2025-05-26 23:35:28,600 - DEBUG - windows-1251 Russian confidence = 0.01
2025-05-26 23:35:28,600 - DEBUG - KOI8-R Russian confidence = 0.01
2025-05-26 23:35:28,600 - DEBUG - ISO-8859-5 Russian confidence = 0.01
2025-05-26 23:35:28,601 - DEBUG - MacCyrillic Russian confidence = 0.0
2025-05-26 23:35:28,601 - DEBUG - IBM866 Russian confidence = 0.09599621544520229
2025-05-26 23:35:28,602 - DEBUG - IBM855 Russian confidence = 0.01
2025-05-26 23:35:28,604 - DEBUG - ISO-8859-7 Greek confidence = 0.01
2025-05-26 23:35:28,604 - DEBUG - windows-1253 Greek confidence = 0.01
2025-05-26 23:35:28,605 - DEBUG - ISO-8859-5 Bulgarian confidence = 0.01
2025-05-26 23:35:28,606 - DEBUG - windows-1251 Bulgarian confidence = 0.01
2025-05-26 23:35:28,606 - DEBUG - TIS-620 Thai confidence = 0.01
2025-05-26 23:35:28,607 - DEBUG - ISO-8859-9 Turkish confidence = 0.4886990778396829
2025-05-26 23:35:28,610 - DEBUG - windows-1255 Hebrew confidence = 0.0
2025-05-26 23:35:28,610 - DEBUG - windows-1255 Hebrew confidence = 0.01
2025-05-26 23:35:28,611 - DEBUG - windows-1255 Hebrew confidence = 0.01
2025-05-26 23:35:28,611 - DEBUG - Encodage détecté: {'encoding': 'Windows-1252', 'confidence': 0.7293218014510706, 'language': ''}
2025-05-26 23:35:28,612 - DEBUG - Tentative de lecture avec l'encodage: utf-8
2025-05-26 23:35:28,613 - INFO - Fichier lu avec succès using utf-8
2025-05-26 23:35:28,614 - DEBUG - Contenu lu: 23122 caractères
2025-05-26 23:35:31,069 - DEBUG - Injection du code dans SYS_TicketSystem
2025-05-26 23:35:31,121 - INFO - Module SYS_TicketSystem injecté avec succès
2025-05-26 23:35:31,121 - DEBUG - Détermination du type de module pour: ThisWorkbook
2025-05-26 23:35:31,123 - DEBUG - ThisWorkbook -> Type: Document (100)
2025-05-26 23:35:31,124 - INFO - 
Traitement du module: ThisWorkbook (Type: 100)
2025-05-26 23:35:31,143 - WARNING - Erreur lors de la suppression de ThisWorkbook: (-2147352567, 'Une exception s’est produite.', (0, None, None, None, 0, -2147024809), None)
2025-05-26 23:35:31,147 - INFO - Lecture du fichier: ThisWorkbook.cls
2025-05-26 23:35:31,147 - DEBUG - Taille du fichier: 681 octets
2025-05-26 23:35:31,152 - DEBUG - EUC-JP Japanese prober hit error at byte 317
2025-05-26 23:35:31,154 - DEBUG - EUC-KR Korean prober hit error at byte 317
2025-05-26 23:35:31,154 - DEBUG - CP949 Korean prober hit error at byte 317
2025-05-26 23:35:31,156 - DEBUG - EUC-TW Taiwan prober hit error at byte 317
2025-05-26 23:35:31,161 - DEBUG - utf-8 not active
2025-05-26 23:35:31,162 - DEBUG - SHIFT_JIS Japanese confidence = 0.01
2025-05-26 23:35:31,162 - DEBUG - EUC-JP not active
2025-05-26 23:35:31,162 - DEBUG - GB2312 Chinese confidence = 0.01
2025-05-26 23:35:31,163 - DEBUG - EUC-KR not active
2025-05-26 23:35:31,163 - DEBUG - CP949 not active
2025-05-26 23:35:31,163 - DEBUG - Big5 Chinese confidence = 0.01
2025-05-26 23:35:31,163 - DEBUG - EUC-TW not active
2025-05-26 23:35:31,164 - DEBUG - Johab Korean confidence = 0.01
2025-05-26 23:35:31,164 - DEBUG - windows-1251 Russian confidence = 0.01
2025-05-26 23:35:31,165 - DEBUG - KOI8-R Russian confidence = 0.01
2025-05-26 23:35:31,165 - DEBUG - ISO-8859-5 Russian confidence = 0.01
2025-05-26 23:35:31,165 - DEBUG - MacCyrillic Russian confidence = 0.01
2025-05-26 23:35:31,166 - DEBUG - IBM866 Russian confidence = 0.01
2025-05-26 23:35:31,166 - DEBUG - IBM855 Russian confidence = 0.01
2025-05-26 23:35:31,167 - DEBUG - ISO-8859-7 Greek confidence = 0.0
2025-05-26 23:35:31,167 - DEBUG - windows-1253 Greek confidence = 0.0
2025-05-26 23:35:31,168 - DEBUG - ISO-8859-5 Bulgarian confidence = 0.01
2025-05-26 23:35:31,168 - DEBUG - windows-1251 Bulgarian confidence = 0.01
2025-05-26 23:35:31,169 - DEBUG - TIS-620 Thai confidence = 0.01
2025-05-26 23:35:31,170 - DEBUG - ISO-8859-9 Turkish confidence = 0.45708515458180055
2025-05-26 23:35:31,171 - DEBUG - windows-1255 Hebrew confidence = 0.0
2025-05-26 23:35:31,172 - DEBUG - windows-1255 Hebrew confidence = 0.08136690448120554
2025-05-26 23:35:31,172 - DEBUG - windows-1255 Hebrew confidence = 0.023247686994630156
2025-05-26 23:35:31,173 - DEBUG - Encodage détecté: {'encoding': 'ISO-8859-1', 'confidence': 0.73, 'language': ''}
2025-05-26 23:35:31,174 - DEBUG - Tentative de lecture avec l'encodage: utf-8
2025-05-26 23:35:31,175 - DEBUG - Échec avec utf-8: 'utf-8' codec can't decode byte 0xe8 in position 316: invalid continuation byte
2025-05-26 23:35:31,175 - DEBUG - Tentative de lecture avec l'encodage: cp1252
2025-05-26 23:35:31,176 - INFO - Fichier lu avec succès using cp1252
2025-05-26 23:35:31,176 - DEBUG - Contenu lu: 681 caractères
2025-05-26 23:35:31,177 - DEBUG - Traitement du contenu du module Workbook
2025-05-26 23:35:31,177 - DEBUG - Contenu ThisWorkbook traité
2025-05-26 23:35:31,188 - ERROR - Erreur lors de l'injection de ThisWorkbook: (-2147352567, 'Une exception s’est produite.', (0, None, None, None, 0, -2146827848), None)
2025-05-26 23:35:31,200 - ERROR - Stacktrace: Traceback (most recent call last):
  File "C:\Users\JulienFernandez\OneDrive\Coding\_Projets de code\2025.05 New addin EE perso\inject_modules.py", line 291, in inject_modules
    new_module = vba_project.VBComponents.Add(module_type)
                 ^^^^^^^^^^^^^^^^^^^^^^^^^^^^^^^^^^^^^^^^^
  File "<COMObject <unknown>>", line 2, in Add
pywintypes.com_error: (-2147352567, 'Une exception s’est produite.', (0, None, None, None, 0, -2146827848), None)

2025-05-26 23:35:31,205 - DEBUG - Détermination du type de module pour: UI_02_RibbonLogic
2025-05-26 23:35:31,207 - DEBUG - UI_02_RibbonLogic -> Type: StdModule (1)
2025-05-26 23:35:31,207 - INFO - 
Traitement du module: UI_02_RibbonLogic (Type: 1)
2025-05-26 23:35:31,239 - INFO - Ancien module UI_02_RibbonLogic supprimé
2025-05-26 23:35:31,240 - INFO - Lecture du fichier: UI_02_RibbonLogic.bas
2025-05-26 23:35:31,240 - DEBUG - Taille du fichier: 8567 octets
2025-05-26 23:35:31,252 - DEBUG - Encodage détecté: {'encoding': 'utf-8', 'confidence': 0.99, 'language': ''}
2025-05-26 23:35:31,253 - INFO - Fichier lu avec succès using utf-8
2025-05-26 23:35:31,254 - DEBUG - Contenu lu: 8543 caractères
2025-05-26 23:35:31,361 - DEBUG - Injection du code dans UI_02_RibbonLogic
2025-05-26 23:35:31,410 - INFO - Module UI_02_RibbonLogic injecté avec succès
2025-05-26 23:35:31,411 - DEBUG - Détermination du type de module pour: UI_03_RibbonActions
2025-05-26 23:35:31,412 - DEBUG - UI_03_RibbonActions -> Type: StdModule (1)
2025-05-26 23:35:31,412 - INFO - 
Traitement du module: UI_03_RibbonActions (Type: 1)
2025-05-26 23:35:31,450 - INFO - Ancien module UI_03_RibbonActions supprimé
2025-05-26 23:35:31,452 - INFO - Lecture du fichier: UI_03_RibbonActions.bas
2025-05-26 23:35:31,453 - DEBUG - Taille du fichier: 45831 octets
2025-05-26 23:35:31,517 - DEBUG - Encodage détecté: {'encoding': 'utf-8', 'confidence': 0.99, 'language': ''}
2025-05-26 23:35:31,517 - INFO - Fichier lu avec succès using utf-8
2025-05-26 23:35:31,518 - DEBUG - Contenu lu: 45591 caractères
2025-05-26 23:35:31,616 - DEBUG - Injection du code dans UI_03_RibbonActions
2025-05-26 23:35:31,766 - INFO - Module UI_03_RibbonActions injecté avec succès
2025-05-26 23:35:31,768 - DEBUG - Détermination du type de module pour: UTL_01_GeneralUtilities
2025-05-26 23:35:31,771 - DEBUG - UTL_01_GeneralUtilities -> Type: StdModule (1)
2025-05-26 23:35:31,772 - INFO - 
Traitement du module: UTL_01_GeneralUtilities (Type: 1)
2025-05-26 23:35:31,815 - INFO - Ancien module UTL_01_GeneralUtilities supprimé
2025-05-26 23:35:31,816 - INFO - Lecture du fichier: UTL_01_GeneralUtilities.bas
2025-05-26 23:35:31,818 - DEBUG - Taille du fichier: 7574 octets
2025-05-26 23:35:31,839 - DEBUG - Encodage détecté: {'encoding': 'utf-8', 'confidence': 0.99, 'language': ''}
2025-05-26 23:35:31,841 - INFO - Fichier lu avec succès using utf-8
2025-05-26 23:35:31,842 - DEBUG - Contenu lu: 7499 caractères
2025-05-26 23:35:34,153 - DEBUG - Injection du code dans UTL_01_GeneralUtilities
2025-05-26 23:35:34,176 - INFO - Module UTL_01_GeneralUtilities injecté avec succès
2025-05-26 23:35:34,177 - INFO - 
Sauvegarde des modifications...
2025-05-26 23:35:40,260 - INFO - Fermeture du classeur...
2025-05-26 23:35:41,907 - INFO - Fermeture d'Excel...
2025-05-26 23:35:42,909 - INFO - 
Injection terminée avec succès!
2025-05-26 23:35:42,911 - INFO - Nettoyage final...
2025-05-26 23:35:42,913 - WARNING - Erreur lors de la fermeture du workbook: (-2147417848, 'L’objet invoqué s’est déconnecté de ses clients.', None, None)
2025-05-26 23:35:42,916 - DEBUG - Excel fermé
2025-05-26 23:35:42,917 - INFO - Tentative de fermeture de toutes les instances Excel...
2025-05-26 23:35:44,701 - DEBUG - Instance Excel trouvée - PID: 22756, Créé le: 2025-05-26 23:34:57
2025-05-26 23:35:44,703 - INFO - Instance Excel terminée - PID: 22756, Créé le: 2025-05-26 23:34:57
2025-05-26 23:35:44,827 - INFO - Attente de 2 secondes après la fermeture d'Excel...
2025-05-26 23:35:46,831 - INFO - Nettoyage terminé
