2025-05-26 22:56:50,085 - INFO - Début de l'injection des modules. Log file: logs\inject_modules_20250526_225650.log
2025-05-26 22:56:50,086 - INFO - Vérification de l'accès au VBA Project
2025-05-26 22:56:55,076 - DEBUG - Excel démarré en mode invisible
2025-05-26 22:56:56,404 - DEBUG - Nouveau classeur créé
2025-05-26 22:56:57,177 - INFO - Accès au VBA Project confirmé
2025-05-26 22:56:58,107 - DEBUG - Classeur temporaire fermé
2025-05-26 22:56:58,188 - DEBUG - Excel fermé
2025-05-26 22:57:03,870 - INFO - Fichier Excel cible: C:\Users\JulienFernandez\OneDrive\Coding\_Projets de code\2025.05 New addin EE perso\Addin Elyse Energy.xlsm
2025-05-26 22:57:03,871 - INFO - Tentative de fermeture de toutes les instances Excel...
2025-05-26 22:57:06,179 - DEBUG - Instance Excel trouvée - PID: 33000, Créé le: 2025-05-26 22:56:50
2025-05-26 22:57:06,181 - INFO - Instance Excel terminée - PID: 33000, Créé le: 2025-05-26 22:56:50
2025-05-26 22:57:06,195 - INFO - Attente de 2 secondes après la fermeture d'Excel...
2025-05-26 22:57:08,200 - INFO - Démarrage d'Excel...
2025-05-26 22:57:12,608 - DEBUG - Excel démarré en mode invisible, alertes désactivées
2025-05-26 22:57:12,610 - INFO - Ouverture du fichier C:\Users\JulienFernandez\OneDrive\Coding\_Projets de code\2025.05 New addin EE perso\Addin Elyse Energy.xlsm...
2025-05-26 22:57:19,829 - INFO - VBA Project accessible
2025-05-26 22:57:19,947 - INFO - Composants actuels: ThisWorkbook, Sheet4, Sheet1, Sheet2, frmCustomMessageBox, frmListSelection, frmMarkdownDisplay, frmTicketInput, APP_MainOrchestrator, CFG_01_CategoryDefinitions, CFG_02_RagicFieldDictionary, CFG_03_CustomDataTypes, CFG_04_EnvironmentVariables, DAT_01_DataLoadManager, DAT_02_QueryLoader, DAT_03_PowerQueryManager, DAT_04_PowerQueryDebug, SEC_01_AccessProfiles, SYS_CoreSystem, SYS_ErrorHandler, SYS_Logger, SYS_MessageBox, SYS_SharePointIntegration, SYS_TicketSystem, UI_02_RibbonLogic, UI_03_RibbonActions, UTL_01_GeneralUtilities
2025-05-26 22:57:19,950 - INFO - UserForms trouvés: frmCustomMessageBox.frm, frmListSelection.frm, frmMarkdownDisplay.frm, frmTicketInput.frm
2025-05-26 22:57:19,951 - INFO - 
Traitement du UserForm: frmCustomMessageBox
2025-05-26 22:57:19,985 - INFO - Ancien UserForm frmCustomMessageBox supprimé
2025-05-26 22:57:19,986 - DEBUG - Import de C:\Users\JulienFernandez\OneDrive\Coding\_Projets de code\2025.05 New addin EE perso\frmCustomMessageBox.frm
2025-05-26 22:57:20,126 - INFO - UserForm frmCustomMessageBox importé avec succès
2025-05-26 22:57:20,126 - INFO - 
Traitement du UserForm: frmListSelection
2025-05-26 22:57:20,136 - INFO - Ancien UserForm frmListSelection supprimé
2025-05-26 22:57:20,137 - DEBUG - Import de C:\Users\JulienFernandez\OneDrive\Coding\_Projets de code\2025.05 New addin EE perso\frmListSelection.frm
2025-05-26 22:57:20,187 - INFO - UserForm frmListSelection importé avec succès
2025-05-26 22:57:20,189 - INFO - 
Traitement du UserForm: frmMarkdownDisplay
2025-05-26 22:57:20,198 - INFO - Ancien UserForm frmMarkdownDisplay supprimé
2025-05-26 22:57:20,198 - DEBUG - Import de C:\Users\JulienFernandez\OneDrive\Coding\_Projets de code\2025.05 New addin EE perso\frmMarkdownDisplay.frm
2025-05-26 22:57:20,263 - INFO - UserForm frmMarkdownDisplay importé avec succès
2025-05-26 22:57:20,264 - INFO - 
Traitement du UserForm: frmTicketInput
2025-05-26 22:57:20,277 - INFO - Ancien UserForm frmTicketInput supprimé
2025-05-26 22:57:20,278 - DEBUG - Import de C:\Users\JulienFernandez\OneDrive\Coding\_Projets de code\2025.05 New addin EE perso\frmTicketInput.frm
2025-05-26 22:57:20,353 - INFO - UserForm frmTicketInput importé avec succès
2025-05-26 22:57:20,354 - INFO - 
Modules trouvés: APP_MainOrchestrator.bas, CFG_01_CategoryDefinitions.bas, CFG_02_RagicFieldDictionary.bas, CFG_03_CustomDataTypes.bas, CFG_04_EnvironmentVariables.bas, DAT_01_DataLoadManager.bas, DAT_02_QueryLoader.bas, DAT_03_PowerQueryManager.bas, DAT_04_PowerQueryDebug.bas, frmCustomMessageBox.bas, frmListSelection.bas, frmMarkdownDisplay.bas, frmTicketInput.bas, SEC_01_AccessProfiles.bas, SYS_CoreSystem.bas, SYS_ErrorHandler.bas, SYS_Logger.bas, SYS_MessageBox.bas, SYS_SharePointIntegration.bas, SYS_TicketSystem.bas, ThisWorkbook.cls, UI_02_RibbonLogic.bas, UI_03_RibbonActions.bas, UTL_01_GeneralUtilities.bas
2025-05-26 22:57:20,355 - DEBUG - Détermination du type de module pour: APP_MainOrchestrator
2025-05-26 22:57:20,356 - DEBUG - APP_MainOrchestrator -> Type: StdModule (1)
2025-05-26 22:57:20,356 - INFO - 
Traitement du module: APP_MainOrchestrator (Type: 1)
2025-05-26 22:57:20,381 - INFO - Ancien module APP_MainOrchestrator supprimé
2025-05-26 22:57:20,382 - INFO - Lecture du fichier: APP_MainOrchestrator.bas
2025-05-26 22:57:20,382 - DEBUG - Taille du fichier: 21670 octets
2025-05-26 22:57:20,559 - DEBUG - Encodage détecté: {'encoding': 'utf-8', 'confidence': 0.99, 'language': ''}
2025-05-26 22:57:20,559 - INFO - Fichier lu avec succès using utf-8
2025-05-26 22:57:20,560 - DEBUG - Contenu lu: 21658 caractères
2025-05-26 22:57:20,630 - DEBUG - Injection du code dans APP_MainOrchestrator
2025-05-26 22:57:20,659 - INFO - Module APP_MainOrchestrator injecté avec succès
2025-05-26 22:57:20,661 - DEBUG - Détermination du type de module pour: CFG_01_CategoryDefinitions
2025-05-26 22:57:20,661 - DEBUG - CFG_01_CategoryDefinitions -> Type: StdModule (1)
2025-05-26 22:57:20,661 - INFO - 
Traitement du module: CFG_01_CategoryDefinitions (Type: 1)
2025-05-26 22:57:20,680 - INFO - Ancien module CFG_01_CategoryDefinitions supprimé
2025-05-26 22:57:20,680 - INFO - Lecture du fichier: CFG_01_CategoryDefinitions.bas
2025-05-26 22:57:20,681 - DEBUG - Taille du fichier: 7273 octets
2025-05-26 22:57:20,688 - DEBUG - Encodage détecté: {'encoding': 'utf-8', 'confidence': 0.99, 'language': ''}
2025-05-26 22:57:20,689 - INFO - Fichier lu avec succès using utf-8
2025-05-26 22:57:20,690 - DEBUG - Contenu lu: 7241 caractères
2025-05-26 22:57:20,754 - DEBUG - Injection du code dans CFG_01_CategoryDefinitions
2025-05-26 22:57:20,765 - INFO - Module CFG_01_CategoryDefinitions injecté avec succès
2025-05-26 22:57:20,765 - DEBUG - Détermination du type de module pour: CFG_02_RagicFieldDictionary
2025-05-26 22:57:20,765 - DEBUG - CFG_02_RagicFieldDictionary -> Type: StdModule (1)
2025-05-26 22:57:20,766 - INFO - 
Traitement du module: CFG_02_RagicFieldDictionary (Type: 1)
2025-05-26 22:57:20,783 - INFO - Ancien module CFG_02_RagicFieldDictionary supprimé
2025-05-26 22:57:20,783 - INFO - Lecture du fichier: CFG_02_RagicFieldDictionary.bas
2025-05-26 22:57:20,784 - DEBUG - Taille du fichier: 7932 octets
2025-05-26 22:57:20,793 - DEBUG - Encodage détecté: {'encoding': 'utf-8', 'confidence': 0.99, 'language': ''}
2025-05-26 22:57:20,794 - INFO - Fichier lu avec succès using utf-8
2025-05-26 22:57:20,794 - DEBUG - Contenu lu: 7887 caractères
2025-05-26 22:57:20,871 - DEBUG - Injection du code dans CFG_02_RagicFieldDictionary
2025-05-26 22:57:20,884 - INFO - Module CFG_02_RagicFieldDictionary injecté avec succès
2025-05-26 22:57:20,885 - DEBUG - Détermination du type de module pour: CFG_03_CustomDataTypes
2025-05-26 22:57:20,885 - DEBUG - CFG_03_CustomDataTypes -> Type: StdModule (1)
2025-05-26 22:57:20,886 - INFO - 
Traitement du module: CFG_03_CustomDataTypes (Type: 1)
2025-05-26 22:57:20,902 - INFO - Ancien module CFG_03_CustomDataTypes supprimé
2025-05-26 22:57:20,902 - INFO - Lecture du fichier: CFG_03_CustomDataTypes.bas
2025-05-26 22:57:20,903 - DEBUG - Taille du fichier: 2688 octets
2025-05-26 22:57:20,908 - DEBUG - Encodage détecté: {'encoding': 'utf-8', 'confidence': 0.99, 'language': ''}
2025-05-26 22:57:20,909 - INFO - Fichier lu avec succès using utf-8
2025-05-26 22:57:20,909 - DEBUG - Contenu lu: 2678 caractères
2025-05-26 22:57:20,967 - DEBUG - Injection du code dans CFG_03_CustomDataTypes
2025-05-26 22:57:20,978 - INFO - Module CFG_03_CustomDataTypes injecté avec succès
2025-05-26 22:57:20,979 - DEBUG - Détermination du type de module pour: CFG_04_EnvironmentVariables
2025-05-26 22:57:20,979 - DEBUG - CFG_04_EnvironmentVariables -> Type: StdModule (1)
2025-05-26 22:57:20,979 - INFO - 
Traitement du module: CFG_04_EnvironmentVariables (Type: 1)
2025-05-26 22:57:20,997 - INFO - Ancien module CFG_04_EnvironmentVariables supprimé
2025-05-26 22:57:20,998 - INFO - Lecture du fichier: CFG_04_EnvironmentVariables.bas
2025-05-26 22:57:20,999 - DEBUG - Taille du fichier: 3235 octets
2025-05-26 22:57:21,017 - DEBUG - EUC-TW Taiwan prober hit error at byte 115
2025-05-26 22:57:21,026 - DEBUG - utf-8  confidence = 0.505
2025-05-26 22:57:21,027 - DEBUG - SHIFT_JIS Japanese confidence = 0.01
2025-05-26 22:57:21,027 - DEBUG - EUC-JP Japanese confidence = 0.01
2025-05-26 22:57:21,028 - DEBUG - GB2312 Chinese confidence = 0.01
2025-05-26 22:57:21,029 - DEBUG - EUC-KR Korean confidence = 0.01
2025-05-26 22:57:21,029 - DEBUG - CP949 Korean confidence = 0.01
2025-05-26 22:57:21,029 - DEBUG - Big5 Chinese confidence = 0.01
2025-05-26 22:57:21,030 - DEBUG - EUC-TW not active
2025-05-26 22:57:21,030 - DEBUG - Johab Korean confidence = 0.01
2025-05-26 22:57:21,030 - DEBUG - windows-1251 Russian confidence = 0.01
2025-05-26 22:57:21,031 - DEBUG - KOI8-R Russian confidence = 0.01
2025-05-26 22:57:21,031 - DEBUG - ISO-8859-5 Russian confidence = 0.01
2025-05-26 22:57:21,032 - DEBUG - MacCyrillic Russian confidence = 0.01
2025-05-26 22:57:21,032 - DEBUG - IBM866 Russian confidence = 0.01
2025-05-26 22:57:21,033 - DEBUG - IBM855 Russian confidence = 0.01
2025-05-26 22:57:21,033 - DEBUG - ISO-8859-7 Greek confidence = 0.01
2025-05-26 22:57:21,033 - DEBUG - windows-1253 Greek confidence = 0.01
2025-05-26 22:57:21,034 - DEBUG - ISO-8859-5 Bulgarian confidence = 0.01
2025-05-26 22:57:21,034 - DEBUG - windows-1251 Bulgarian confidence = 0.01
2025-05-26 22:57:21,034 - DEBUG - TIS-620 Thai confidence = 0.0
2025-05-26 22:57:21,034 - DEBUG - ISO-8859-9 Turkish confidence = 0.47555513522597903
2025-05-26 22:57:21,035 - DEBUG - windows-1255 Hebrew confidence = 0.0
2025-05-26 22:57:21,035 - DEBUG - windows-1255 Hebrew confidence = 0.07258971653425335
2025-05-26 22:57:21,035 - DEBUG - windows-1255 Hebrew confidence = 0.02419657217808445
2025-05-26 22:57:21,035 - DEBUG - Encodage détecté: {'encoding': 'ISO-8859-1', 'confidence': 0.73, 'language': ''}
2025-05-26 22:57:21,036 - DEBUG - Tentative de lecture avec l'encodage: utf-8
2025-05-26 22:57:21,036 - INFO - Fichier lu avec succès using utf-8
2025-05-26 22:57:21,037 - DEBUG - Contenu lu: 3234 caractères
2025-05-26 22:57:21,101 - DEBUG - Injection du code dans CFG_04_EnvironmentVariables
2025-05-26 22:57:21,114 - INFO - Module CFG_04_EnvironmentVariables injecté avec succès
2025-05-26 22:57:21,115 - DEBUG - Détermination du type de module pour: DAT_01_DataLoadManager
2025-05-26 22:57:21,115 - DEBUG - DAT_01_DataLoadManager -> Type: StdModule (1)
2025-05-26 22:57:21,115 - INFO - 
Traitement du module: DAT_01_DataLoadManager (Type: 1)
2025-05-26 22:57:21,131 - INFO - Ancien module DAT_01_DataLoadManager supprimé
2025-05-26 22:57:21,132 - INFO - Lecture du fichier: DAT_01_DataLoadManager.bas
2025-05-26 22:57:21,133 - DEBUG - Taille du fichier: 37499 octets
2025-05-26 22:57:21,159 - DEBUG - Encodage détecté: {'encoding': 'utf-8', 'confidence': 0.99, 'language': ''}
2025-05-26 22:57:21,160 - INFO - Fichier lu avec succès using utf-8
2025-05-26 22:57:21,161 - DEBUG - Contenu lu: 37238 caractères
2025-05-26 22:57:21,227 - DEBUG - Injection du code dans DAT_01_DataLoadManager
2025-05-26 22:57:21,269 - INFO - Module DAT_01_DataLoadManager injecté avec succès
2025-05-26 22:57:21,270 - DEBUG - Détermination du type de module pour: DAT_02_QueryLoader
2025-05-26 22:57:21,271 - DEBUG - DAT_02_QueryLoader -> Type: StdModule (1)
2025-05-26 22:57:21,271 - INFO - 
Traitement du module: DAT_02_QueryLoader (Type: 1)
2025-05-26 22:57:21,288 - INFO - Ancien module DAT_02_QueryLoader supprimé
2025-05-26 22:57:21,288 - INFO - Lecture du fichier: DAT_02_QueryLoader.bas
2025-05-26 22:57:21,289 - DEBUG - Taille du fichier: 12970 octets
2025-05-26 22:57:21,301 - DEBUG - Encodage détecté: {'encoding': 'utf-8', 'confidence': 0.99, 'language': ''}
2025-05-26 22:57:21,302 - INFO - Fichier lu avec succès using utf-8
2025-05-26 22:57:21,303 - DEBUG - Contenu lu: 12900 caractères
2025-05-26 22:57:21,366 - DEBUG - Injection du code dans DAT_02_QueryLoader
2025-05-26 22:57:21,385 - INFO - Module DAT_02_QueryLoader injecté avec succès
2025-05-26 22:57:21,386 - DEBUG - Détermination du type de module pour: DAT_03_PowerQueryManager
2025-05-26 22:57:21,386 - DEBUG - DAT_03_PowerQueryManager -> Type: StdModule (1)
2025-05-26 22:57:21,386 - INFO - 
Traitement du module: DAT_03_PowerQueryManager (Type: 1)
2025-05-26 22:57:21,403 - INFO - Ancien module DAT_03_PowerQueryManager supprimé
2025-05-26 22:57:21,404 - INFO - Lecture du fichier: DAT_03_PowerQueryManager.bas
2025-05-26 22:57:21,405 - DEBUG - Taille du fichier: 15566 octets
2025-05-26 22:57:21,417 - DEBUG - Encodage détecté: {'encoding': 'utf-8', 'confidence': 0.99, 'language': ''}
2025-05-26 22:57:21,418 - INFO - Fichier lu avec succès using utf-8
2025-05-26 22:57:21,418 - DEBUG - Contenu lu: 15486 caractères
2025-05-26 22:57:21,485 - DEBUG - Injection du code dans DAT_03_PowerQueryManager
2025-05-26 22:57:21,503 - INFO - Module DAT_03_PowerQueryManager injecté avec succès
2025-05-26 22:57:21,504 - DEBUG - Détermination du type de module pour: DAT_04_PowerQueryDebug
2025-05-26 22:57:21,504 - DEBUG - DAT_04_PowerQueryDebug -> Type: StdModule (1)
2025-05-26 22:57:21,504 - INFO - 
Traitement du module: DAT_04_PowerQueryDebug (Type: 1)
2025-05-26 22:57:21,523 - INFO - Ancien module DAT_04_PowerQueryDebug supprimé
2025-05-26 22:57:21,524 - INFO - Lecture du fichier: DAT_04_PowerQueryDebug.bas
2025-05-26 22:57:21,524 - DEBUG - Taille du fichier: 10614 octets
2025-05-26 22:57:21,533 - DEBUG - Encodage détecté: {'encoding': 'utf-8', 'confidence': 0.99, 'language': ''}
2025-05-26 22:57:21,535 - INFO - Fichier lu avec succès using utf-8
2025-05-26 22:57:21,535 - DEBUG - Contenu lu: 10518 caractères
2025-05-26 22:57:21,614 - DEBUG - Injection du code dans DAT_04_PowerQueryDebug
2025-05-26 22:57:21,630 - INFO - Module DAT_04_PowerQueryDebug injecté avec succès
2025-05-26 22:57:21,631 - DEBUG - Détermination du type de module pour: frmCustomMessageBox
2025-05-26 22:57:21,632 - DEBUG - frmCustomMessageBox -> Type: MSForm (3)
2025-05-26 22:57:21,632 - INFO - 
Traitement du module: frmCustomMessageBox (Type: 3)
2025-05-26 22:57:21,633 - DEBUG - Module frmCustomMessageBox est un UserForm, déjà traité
2025-05-26 22:57:21,633 - DEBUG - Détermination du type de module pour: frmListSelection
2025-05-26 22:57:21,633 - DEBUG - frmListSelection -> Type: MSForm (3)
2025-05-26 22:57:21,634 - INFO - 
Traitement du module: frmListSelection (Type: 3)
2025-05-26 22:57:21,634 - DEBUG - Module frmListSelection est un UserForm, déjà traité
2025-05-26 22:57:21,634 - DEBUG - Détermination du type de module pour: frmMarkdownDisplay
2025-05-26 22:57:21,634 - DEBUG - frmMarkdownDisplay -> Type: MSForm (3)
2025-05-26 22:57:21,635 - INFO - 
Traitement du module: frmMarkdownDisplay (Type: 3)
2025-05-26 22:57:21,635 - DEBUG - Module frmMarkdownDisplay est un UserForm, déjà traité
2025-05-26 22:57:21,635 - DEBUG - Détermination du type de module pour: frmTicketInput
2025-05-26 22:57:21,635 - DEBUG - frmTicketInput -> Type: MSForm (3)
2025-05-26 22:57:21,636 - INFO - 
Traitement du module: frmTicketInput (Type: 3)
2025-05-26 22:57:21,636 - DEBUG - Module frmTicketInput est un UserForm, déjà traité
2025-05-26 22:57:21,636 - DEBUG - Détermination du type de module pour: SEC_01_AccessProfiles
2025-05-26 22:57:21,636 - DEBUG - SEC_01_AccessProfiles -> Type: StdModule (1)
2025-05-26 22:57:21,636 - INFO - 
Traitement du module: SEC_01_AccessProfiles (Type: 1)
2025-05-26 22:57:21,654 - INFO - Ancien module SEC_01_AccessProfiles supprimé
2025-05-26 22:57:21,655 - INFO - Lecture du fichier: SEC_01_AccessProfiles.bas
2025-05-26 22:57:21,655 - DEBUG - Taille du fichier: 5396 octets
2025-05-26 22:57:21,663 - DEBUG - Encodage détecté: {'encoding': 'utf-8', 'confidence': 0.99, 'language': ''}
2025-05-26 22:57:21,664 - INFO - Fichier lu avec succès using utf-8
2025-05-26 22:57:21,665 - DEBUG - Contenu lu: 5362 caractères
2025-05-26 22:57:21,727 - DEBUG - Injection du code dans SEC_01_AccessProfiles
2025-05-26 22:57:21,737 - INFO - Module SEC_01_AccessProfiles injecté avec succès
2025-05-26 22:57:21,738 - DEBUG - Détermination du type de module pour: SYS_CoreSystem
2025-05-26 22:57:21,738 - DEBUG - SYS_CoreSystem -> Type: StdModule (1)
2025-05-26 22:57:21,739 - INFO - 
Traitement du module: SYS_CoreSystem (Type: 1)
2025-05-26 22:57:21,759 - INFO - Ancien module SYS_CoreSystem supprimé
2025-05-26 22:57:21,759 - INFO - Lecture du fichier: SYS_CoreSystem.bas
2025-05-26 22:57:21,760 - DEBUG - Taille du fichier: 18483 octets
2025-05-26 22:57:21,775 - DEBUG - Encodage détecté: {'encoding': 'utf-8', 'confidence': 0.99, 'language': ''}
2025-05-26 22:57:21,775 - INFO - Fichier lu avec succès using utf-8
2025-05-26 22:57:21,777 - DEBUG - Contenu lu: 18476 caractères
2025-05-26 22:57:21,847 - DEBUG - Injection du code dans SYS_CoreSystem
2025-05-26 22:57:21,877 - INFO - Module SYS_CoreSystem injecté avec succès
2025-05-26 22:57:21,877 - DEBUG - Détermination du type de module pour: SYS_ErrorHandler
2025-05-26 22:57:21,879 - DEBUG - SYS_ErrorHandler -> Type: StdModule (1)
2025-05-26 22:57:21,879 - INFO - 
Traitement du module: SYS_ErrorHandler (Type: 1)
2025-05-26 22:57:21,897 - INFO - Ancien module SYS_ErrorHandler supprimé
2025-05-26 22:57:21,899 - INFO - Lecture du fichier: SYS_ErrorHandler.bas
2025-05-26 22:57:21,899 - DEBUG - Taille du fichier: 30356 octets
2025-05-26 22:57:21,920 - DEBUG - Encodage détecté: {'encoding': 'utf-8', 'confidence': 0.99, 'language': ''}
2025-05-26 22:57:21,920 - INFO - Fichier lu avec succès using utf-8
2025-05-26 22:57:21,921 - DEBUG - Contenu lu: 30347 caractères
2025-05-26 22:57:21,993 - DEBUG - Injection du code dans SYS_ErrorHandler
2025-05-26 22:57:22,035 - INFO - Module SYS_ErrorHandler injecté avec succès
2025-05-26 22:57:22,036 - DEBUG - Détermination du type de module pour: SYS_Logger
2025-05-26 22:57:22,036 - DEBUG - SYS_Logger -> Type: StdModule (1)
2025-05-26 22:57:22,037 - INFO - 
Traitement du module: SYS_Logger (Type: 1)
2025-05-26 22:57:22,056 - INFO - Ancien module SYS_Logger supprimé
2025-05-26 22:57:22,056 - INFO - Lecture du fichier: SYS_Logger.bas
2025-05-26 22:57:22,057 - DEBUG - Taille du fichier: 25482 octets
2025-05-26 22:57:22,191 - DEBUG - EUC-TW Taiwan prober hit error at byte 10044
2025-05-26 22:57:22,245 - DEBUG - utf-8  confidence = 0.938125
2025-05-26 22:57:22,246 - DEBUG - SHIFT_JIS Japanese confidence = 0.01
2025-05-26 22:57:22,247 - DEBUG - EUC-JP Japanese confidence = 0.01
2025-05-26 22:57:22,247 - DEBUG - GB2312 Chinese confidence = 0.01
2025-05-26 22:57:22,248 - DEBUG - EUC-KR Korean confidence = 0.01
2025-05-26 22:57:22,249 - DEBUG - CP949 Korean confidence = 0.01
2025-05-26 22:57:22,250 - DEBUG - Big5 Chinese confidence = 0.01
2025-05-26 22:57:22,250 - DEBUG - EUC-TW not active
2025-05-26 22:57:22,250 - DEBUG - Johab Korean confidence = 0.01
2025-05-26 22:57:22,251 - DEBUG - windows-1251 Russian confidence = 0.01
2025-05-26 22:57:22,251 - DEBUG - KOI8-R Russian confidence = 0.01
2025-05-26 22:57:22,252 - DEBUG - ISO-8859-5 Russian confidence = 0.01
2025-05-26 22:57:22,252 - DEBUG - MacCyrillic Russian confidence = 0.01
2025-05-26 22:57:22,255 - DEBUG - IBM866 Russian confidence = 0.01
2025-05-26 22:57:22,256 - DEBUG - IBM855 Russian confidence = 0.01
2025-05-26 22:57:22,257 - DEBUG - ISO-8859-7 Greek confidence = 0.0
2025-05-26 22:57:22,257 - DEBUG - windows-1253 Greek confidence = 0.0
2025-05-26 22:57:22,258 - DEBUG - ISO-8859-5 Bulgarian confidence = 0.01
2025-05-26 22:57:22,258 - DEBUG - windows-1251 Bulgarian confidence = 0.01
2025-05-26 22:57:22,259 - DEBUG - TIS-620 Thai confidence = 0.014587346433898519
2025-05-26 22:57:22,259 - DEBUG - ISO-8859-9 Turkish confidence = 0.4539534791614227
2025-05-26 22:57:22,259 - DEBUG - windows-1255 Hebrew confidence = 0.0
2025-05-26 22:57:22,260 - DEBUG - windows-1255 Hebrew confidence = 0.09475900834066045
2025-05-26 22:57:22,261 - DEBUG - windows-1255 Hebrew confidence = 0.052643893522589136
2025-05-26 22:57:22,261 - DEBUG - utf-8  confidence = 0.938125
2025-05-26 22:57:22,261 - DEBUG - SHIFT_JIS Japanese confidence = 0.01
2025-05-26 22:57:22,262 - DEBUG - EUC-JP Japanese confidence = 0.01
2025-05-26 22:57:22,262 - DEBUG - GB2312 Chinese confidence = 0.01
2025-05-26 22:57:22,263 - DEBUG - EUC-KR Korean confidence = 0.01
2025-05-26 22:57:22,263 - DEBUG - CP949 Korean confidence = 0.01
2025-05-26 22:57:22,263 - DEBUG - Big5 Chinese confidence = 0.01
2025-05-26 22:57:22,264 - DEBUG - EUC-TW not active
2025-05-26 22:57:22,264 - DEBUG - Johab Korean confidence = 0.01
2025-05-26 22:57:22,264 - DEBUG - Encodage détecté: {'encoding': 'utf-8', 'confidence': 0.938125, 'language': ''}
2025-05-26 22:57:22,265 - INFO - Fichier lu avec succès using utf-8
2025-05-26 22:57:22,265 - DEBUG - Contenu lu: 25478 caractères
2025-05-26 22:57:22,378 - DEBUG - Injection du code dans SYS_Logger
2025-05-26 22:57:22,416 - INFO - Module SYS_Logger injecté avec succès
2025-05-26 22:57:22,417 - DEBUG - Détermination du type de module pour: SYS_MessageBox
2025-05-26 22:57:22,417 - DEBUG - SYS_MessageBox -> Type: StdModule (1)
2025-05-26 22:57:22,417 - INFO - 
Traitement du module: SYS_MessageBox (Type: 1)
2025-05-26 22:57:22,445 - INFO - Ancien module SYS_MessageBox supprimé
2025-05-26 22:57:22,446 - INFO - Lecture du fichier: SYS_MessageBox.bas
2025-05-26 22:57:22,446 - DEBUG - Taille du fichier: 28252 octets
2025-05-26 22:57:22,480 - DEBUG - Encodage détecté: {'encoding': 'utf-8', 'confidence': 0.99, 'language': ''}
2025-05-26 22:57:22,481 - INFO - Fichier lu avec succès using utf-8
2025-05-26 22:57:22,482 - DEBUG - Contenu lu: 28242 caractères
2025-05-26 22:57:22,572 - DEBUG - Injection du code dans SYS_MessageBox
2025-05-26 22:57:22,612 - INFO - Module SYS_MessageBox injecté avec succès
2025-05-26 22:57:22,612 - DEBUG - Détermination du type de module pour: SYS_SharePointIntegration
2025-05-26 22:57:22,613 - DEBUG - SYS_SharePointIntegration -> Type: StdModule (1)
2025-05-26 22:57:22,613 - INFO - 
Traitement du module: SYS_SharePointIntegration (Type: 1)
2025-05-26 22:57:22,634 - INFO - Ancien module SYS_SharePointIntegration supprimé
2025-05-26 22:57:22,635 - INFO - Lecture du fichier: SYS_SharePointIntegration.bas
2025-05-26 22:57:22,635 - DEBUG - Taille du fichier: 28813 octets
2025-05-26 22:57:22,648 - DEBUG - Encodage détecté: {'encoding': 'ascii', 'confidence': 1.0, 'language': ''}
2025-05-26 22:57:22,649 - INFO - Fichier lu avec succès using ascii
2025-05-26 22:57:22,649 - DEBUG - Contenu lu: 28813 caractères
2025-05-26 22:57:22,744 - DEBUG - Injection du code dans SYS_SharePointIntegration
2025-05-26 22:57:22,786 - INFO - Module SYS_SharePointIntegration injecté avec succès
2025-05-26 22:57:22,787 - DEBUG - Détermination du type de module pour: SYS_TicketSystem
2025-05-26 22:57:22,787 - DEBUG - SYS_TicketSystem -> Type: StdModule (1)
2025-05-26 22:57:22,788 - INFO - 
Traitement du module: SYS_TicketSystem (Type: 1)
2025-05-26 22:57:22,818 - INFO - Ancien module SYS_TicketSystem supprimé
2025-05-26 22:57:22,819 - INFO - Lecture du fichier: SYS_TicketSystem.bas
2025-05-26 22:57:22,819 - DEBUG - Taille du fichier: 23125 octets
2025-05-26 22:57:22,899 - DEBUG - EUC-JP Japanese prober hit error at byte 16819
2025-05-26 22:57:22,937 - DEBUG - EUC-KR Korean prober hit error at byte 16819
2025-05-26 22:57:22,954 - DEBUG - CP949 Korean prober hit error at byte 16819
2025-05-26 22:57:22,971 - DEBUG - Big5 Chinese prober hit error at byte 16820
2025-05-26 22:57:22,983 - DEBUG - EUC-TW Taiwan prober hit error at byte 16819
2025-05-26 22:57:23,054 - DEBUG - utf-8 not active
2025-05-26 22:57:23,055 - DEBUG - SHIFT_JIS Japanese confidence = 0.01
2025-05-26 22:57:23,056 - DEBUG - EUC-JP not active
2025-05-26 22:57:23,056 - DEBUG - GB2312 Chinese confidence = 0.01
2025-05-26 22:57:23,057 - DEBUG - EUC-KR not active
2025-05-26 22:57:23,057 - DEBUG - CP949 not active
2025-05-26 22:57:23,058 - DEBUG - Big5 not active
2025-05-26 22:57:23,058 - DEBUG - EUC-TW not active
2025-05-26 22:57:23,059 - DEBUG - Johab Korean confidence = 0.01
2025-05-26 22:57:23,059 - DEBUG - windows-1251 Russian confidence = 0.01
2025-05-26 22:57:23,059 - DEBUG - KOI8-R Russian confidence = 0.01
2025-05-26 22:57:23,061 - DEBUG - ISO-8859-5 Russian confidence = 0.01
2025-05-26 22:57:23,061 - DEBUG - MacCyrillic Russian confidence = 0.0
2025-05-26 22:57:23,062 - DEBUG - IBM866 Russian confidence = 0.09599621544520229
2025-05-26 22:57:23,062 - DEBUG - IBM855 Russian confidence = 0.01
2025-05-26 22:57:23,063 - DEBUG - ISO-8859-7 Greek confidence = 0.01
2025-05-26 22:57:23,064 - DEBUG - windows-1253 Greek confidence = 0.01
2025-05-26 22:57:23,064 - DEBUG - ISO-8859-5 Bulgarian confidence = 0.01
2025-05-26 22:57:23,065 - DEBUG - windows-1251 Bulgarian confidence = 0.01
2025-05-26 22:57:23,065 - DEBUG - TIS-620 Thai confidence = 0.01
2025-05-26 22:57:23,066 - DEBUG - ISO-8859-9 Turkish confidence = 0.4886990778396829
2025-05-26 22:57:23,067 - DEBUG - windows-1255 Hebrew confidence = 0.0
2025-05-26 22:57:23,067 - DEBUG - windows-1255 Hebrew confidence = 0.01
2025-05-26 22:57:23,068 - DEBUG - windows-1255 Hebrew confidence = 0.01
2025-05-26 22:57:23,068 - DEBUG - Encodage détecté: {'encoding': 'Windows-1252', 'confidence': 0.7293218014510706, 'language': ''}
2025-05-26 22:57:23,069 - DEBUG - Tentative de lecture avec l'encodage: utf-8
2025-05-26 22:57:23,071 - INFO - Fichier lu avec succès using utf-8
2025-05-26 22:57:23,071 - DEBUG - Contenu lu: 23122 caractères
2025-05-26 22:57:23,161 - DEBUG - Injection du code dans SYS_TicketSystem
2025-05-26 22:57:23,187 - INFO - Module SYS_TicketSystem injecté avec succès
2025-05-26 22:57:23,188 - DEBUG - Détermination du type de module pour: ThisWorkbook
2025-05-26 22:57:23,189 - DEBUG - ThisWorkbook -> Type: Document (100)
2025-05-26 22:57:23,189 - INFO - 
Traitement du module: ThisWorkbook (Type: 100)
2025-05-26 22:57:23,203 - WARNING - Erreur lors de la suppression de ThisWorkbook: (-2147352567, 'Une exception s’est produite.', (0, None, None, None, 0, -2147024809), None)
2025-05-26 22:57:23,206 - INFO - Lecture du fichier: ThisWorkbook.cls
2025-05-26 22:57:23,207 - DEBUG - Taille du fichier: 681 octets
2025-05-26 22:57:23,212 - DEBUG - EUC-JP Japanese prober hit error at byte 317
2025-05-26 22:57:23,214 - DEBUG - EUC-KR Korean prober hit error at byte 317
2025-05-26 22:57:23,215 - DEBUG - CP949 Korean prober hit error at byte 317
2025-05-26 22:57:23,216 - DEBUG - EUC-TW Taiwan prober hit error at byte 317
2025-05-26 22:57:23,219 - DEBUG - utf-8 not active
2025-05-26 22:57:23,220 - DEBUG - SHIFT_JIS Japanese confidence = 0.01
2025-05-26 22:57:23,221 - DEBUG - EUC-JP not active
2025-05-26 22:57:23,221 - DEBUG - GB2312 Chinese confidence = 0.01
2025-05-26 22:57:23,221 - DEBUG - EUC-KR not active
2025-05-26 22:57:23,222 - DEBUG - CP949 not active
2025-05-26 22:57:23,222 - DEBUG - Big5 Chinese confidence = 0.01
2025-05-26 22:57:23,223 - DEBUG - EUC-TW not active
2025-05-26 22:57:23,223 - DEBUG - Johab Korean confidence = 0.01
2025-05-26 22:57:23,224 - DEBUG - windows-1251 Russian confidence = 0.01
2025-05-26 22:57:23,224 - DEBUG - KOI8-R Russian confidence = 0.01
2025-05-26 22:57:23,224 - DEBUG - ISO-8859-5 Russian confidence = 0.01
2025-05-26 22:57:23,225 - DEBUG - MacCyrillic Russian confidence = 0.01
2025-05-26 22:57:23,226 - DEBUG - IBM866 Russian confidence = 0.01
2025-05-26 22:57:23,226 - DEBUG - IBM855 Russian confidence = 0.01
2025-05-26 22:57:23,227 - DEBUG - ISO-8859-7 Greek confidence = 0.0
2025-05-26 22:57:23,227 - DEBUG - windows-1253 Greek confidence = 0.0
2025-05-26 22:57:23,227 - DEBUG - ISO-8859-5 Bulgarian confidence = 0.01
2025-05-26 22:57:23,228 - DEBUG - windows-1251 Bulgarian confidence = 0.01
2025-05-26 22:57:23,228 - DEBUG - TIS-620 Thai confidence = 0.01
2025-05-26 22:57:23,229 - DEBUG - ISO-8859-9 Turkish confidence = 0.45708515458180055
2025-05-26 22:57:23,230 - DEBUG - windows-1255 Hebrew confidence = 0.0
2025-05-26 22:57:23,230 - DEBUG - windows-1255 Hebrew confidence = 0.08136690448120554
2025-05-26 22:57:23,231 - DEBUG - windows-1255 Hebrew confidence = 0.023247686994630156
2025-05-26 22:57:23,231 - DEBUG - Encodage détecté: {'encoding': 'ISO-8859-1', 'confidence': 0.73, 'language': ''}
2025-05-26 22:57:23,232 - DEBUG - Tentative de lecture avec l'encodage: utf-8
2025-05-26 22:57:23,232 - DEBUG - Échec avec utf-8: 'utf-8' codec can't decode byte 0xe8 in position 316: invalid continuation byte
2025-05-26 22:57:23,233 - DEBUG - Tentative de lecture avec l'encodage: cp1252
2025-05-26 22:57:23,233 - INFO - Fichier lu avec succès using cp1252
2025-05-26 22:57:23,234 - DEBUG - Contenu lu: 681 caractères
2025-05-26 22:57:23,234 - DEBUG - Traitement du contenu du module Workbook
2025-05-26 22:57:23,235 - DEBUG - Contenu ThisWorkbook traité
2025-05-26 22:57:23,249 - ERROR - Erreur lors de l'injection de ThisWorkbook: (-2147352567, 'Une exception s’est produite.', (0, None, None, None, 0, -2146827848), None)
2025-05-26 22:57:23,261 - ERROR - Stacktrace: Traceback (most recent call last):
  File "C:\Users\JulienFernandez\OneDrive\Coding\_Projets de code\2025.05 New addin EE perso\inject_modules.py", line 291, in inject_modules
    new_module = vba_project.VBComponents.Add(module_type)
                 ^^^^^^^^^^^^^^^^^^^^^^^^^^^^^^^^^^^^^^^^^
  File "<COMObject <unknown>>", line 2, in Add
pywintypes.com_error: (-2147352567, 'Une exception s’est produite.', (0, None, None, None, 0, -2146827848), None)

2025-05-26 22:57:23,264 - DEBUG - Détermination du type de module pour: UI_02_RibbonLogic
2025-05-26 22:57:23,265 - DEBUG - UI_02_RibbonLogic -> Type: StdModule (1)
2025-05-26 22:57:23,265 - INFO - 
Traitement du module: UI_02_RibbonLogic (Type: 1)
2025-05-26 22:57:23,287 - INFO - Ancien module UI_02_RibbonLogic supprimé
2025-05-26 22:57:23,288 - INFO - Lecture du fichier: UI_02_RibbonLogic.bas
2025-05-26 22:57:23,289 - DEBUG - Taille du fichier: 8567 octets
2025-05-26 22:57:23,301 - DEBUG - Encodage détecté: {'encoding': 'utf-8', 'confidence': 0.99, 'language': ''}
2025-05-26 22:57:23,302 - INFO - Fichier lu avec succès using utf-8
2025-05-26 22:57:23,302 - DEBUG - Contenu lu: 8543 caractères
2025-05-26 22:57:23,397 - DEBUG - Injection du code dans UI_02_RibbonLogic
2025-05-26 22:57:23,409 - INFO - Module UI_02_RibbonLogic injecté avec succès
2025-05-26 22:57:23,410 - DEBUG - Détermination du type de module pour: UI_03_RibbonActions
2025-05-26 22:57:23,411 - DEBUG - UI_03_RibbonActions -> Type: StdModule (1)
2025-05-26 22:57:23,411 - INFO - 
Traitement du module: UI_03_RibbonActions (Type: 1)
2025-05-26 22:57:23,433 - INFO - Ancien module UI_03_RibbonActions supprimé
2025-05-26 22:57:23,434 - INFO - Lecture du fichier: UI_03_RibbonActions.bas
2025-05-26 22:57:23,434 - DEBUG - Taille du fichier: 45811 octets
2025-05-26 22:57:23,491 - DEBUG - Encodage détecté: {'encoding': 'utf-8', 'confidence': 0.99, 'language': ''}
2025-05-26 22:57:23,492 - INFO - Fichier lu avec succès using utf-8
2025-05-26 22:57:23,493 - DEBUG - Contenu lu: 45571 caractères
2025-05-26 22:57:23,581 - DEBUG - Injection du code dans UI_03_RibbonActions
2025-05-26 22:57:23,666 - INFO - Module UI_03_RibbonActions injecté avec succès
2025-05-26 22:57:23,667 - DEBUG - Détermination du type de module pour: UTL_01_GeneralUtilities
2025-05-26 22:57:23,667 - DEBUG - UTL_01_GeneralUtilities -> Type: StdModule (1)
2025-05-26 22:57:23,667 - INFO - 
Traitement du module: UTL_01_GeneralUtilities (Type: 1)
2025-05-26 22:57:23,689 - INFO - Ancien module UTL_01_GeneralUtilities supprimé
2025-05-26 22:57:23,689 - INFO - Lecture du fichier: UTL_01_GeneralUtilities.bas
2025-05-26 22:57:23,690 - DEBUG - Taille du fichier: 7574 octets
2025-05-26 22:57:23,701 - DEBUG - Encodage détecté: {'encoding': 'utf-8', 'confidence': 0.99, 'language': ''}
2025-05-26 22:57:23,702 - INFO - Fichier lu avec succès using utf-8
2025-05-26 22:57:23,703 - DEBUG - Contenu lu: 7499 caractères
2025-05-26 22:57:23,787 - DEBUG - Injection du code dans UTL_01_GeneralUtilities
2025-05-26 22:57:23,802 - INFO - Module UTL_01_GeneralUtilities injecté avec succès
2025-05-26 22:57:23,802 - INFO - 
Sauvegarde des modifications...
2025-05-26 22:57:27,162 - INFO - Fermeture du classeur...
2025-05-26 22:57:28,374 - INFO - Fermeture d'Excel...
2025-05-26 22:57:29,376 - INFO - 
Injection terminée avec succès!
2025-05-26 22:57:29,378 - INFO - Nettoyage final...
2025-05-26 22:57:29,380 - WARNING - Erreur lors de la fermeture du workbook: (-2147417848, 'L’objet invoqué s’est déconnecté de ses clients.', None, None)
2025-05-26 22:57:29,382 - DEBUG - Excel fermé
2025-05-26 22:57:29,383 - INFO - Tentative de fermeture de toutes les instances Excel...
2025-05-26 22:57:30,677 - DEBUG - Instance Excel trouvée - PID: 10536, Créé le: 2025-05-26 22:57:08
2025-05-26 22:57:30,678 - INFO - Instance Excel terminée - PID: 10536, Créé le: 2025-05-26 22:57:08
2025-05-26 22:57:31,061 - INFO - Attente de 2 secondes après la fermeture d'Excel...
2025-05-26 22:57:33,063 - INFO - Nettoyage terminé
