2025-05-26 23:13:42,417 - INFO - Début de l'injection des modules. Log file: logs\inject_modules_20250526_231342.log
2025-05-26 23:13:42,419 - INFO - Vérification de l'accès au VBA Project
2025-05-26 23:13:42,538 - DEBUG - Excel démarré en mode invisible
2025-05-26 23:13:42,939 - DEBUG - Nouveau classeur créé
2025-05-26 23:13:42,946 - INFO - Accès au VBA Project confirmé
2025-05-26 23:13:43,079 - DEBUG - Classeur temporaire fermé
2025-05-26 23:13:43,094 - DEBUG - Excel fermé
2025-05-26 23:13:43,621 - INFO - Fichier Excel cible: C:\Users\JulienFernandez\OneDrive\Coding\_Projets de code\2025.05 New addin EE perso\Addin Elyse Energy.xlsm
2025-05-26 23:13:43,622 - INFO - Tentative de fermeture de toutes les instances Excel...
2025-05-26 23:13:44,886 - DEBUG - Instance Excel trouvée - PID: 29824, Créé le: 2025-05-26 23:07:48
2025-05-26 23:13:44,887 - INFO - Instance Excel terminée - PID: 29824, Créé le: 2025-05-26 23:07:48
2025-05-26 23:13:44,898 - INFO - Attente de 2 secondes après la fermeture d'Excel...
2025-05-26 23:13:46,900 - INFO - Démarrage d'Excel...
2025-05-26 23:13:50,584 - DEBUG - Excel démarré en mode invisible, alertes désactivées
2025-05-26 23:13:50,585 - INFO - Ouverture du fichier C:\Users\JulienFernandez\OneDrive\Coding\_Projets de code\2025.05 New addin EE perso\Addin Elyse Energy.xlsm...
2025-05-26 23:13:55,081 - INFO - VBA Project accessible
2025-05-26 23:13:55,186 - INFO - Composants actuels: ThisWorkbook, Sheet4, Sheet1, Sheet2, frmCustomMessageBox, frmListSelection, frmMarkdownDisplay, frmTicketInput, APP_MainOrchestrator, CFG_01_CategoryDefinitions, CFG_02_RagicFieldDictionary, CFG_03_CustomDataTypes, CFG_04_EnvironmentVariables, DAT_01_DataLoadManager, DAT_02_QueryLoader, DAT_03_PowerQueryManager, DAT_04_PowerQueryDebug, SEC_01_AccessProfiles, SYS_CoreSystem, SYS_ErrorHandler, SYS_Logger, SYS_MessageBox, SYS_SharePointIntegration, SYS_TicketSystem, UI_02_RibbonLogic, UI_03_RibbonActions, UTL_01_GeneralUtilities
2025-05-26 23:13:55,188 - INFO - UserForms trouvés: frmCustomMessageBox.frm, frmListSelection.frm, frmMarkdownDisplay.frm, frmTicketInput.frm
2025-05-26 23:13:55,188 - INFO - 
Traitement du UserForm: frmCustomMessageBox
2025-05-26 23:13:57,781 - INFO - Ancien UserForm frmCustomMessageBox supprimé
2025-05-26 23:13:57,781 - DEBUG - Import de C:\Users\JulienFernandez\OneDrive\Coding\_Projets de code\2025.05 New addin EE perso\frmCustomMessageBox.frm
2025-05-26 23:13:57,848 - INFO - UserForm frmCustomMessageBox importé avec succès
2025-05-26 23:13:57,850 - INFO - 
Traitement du UserForm: frmListSelection
2025-05-26 23:13:57,865 - INFO - Ancien UserForm frmListSelection supprimé
2025-05-26 23:13:57,866 - DEBUG - Import de C:\Users\JulienFernandez\OneDrive\Coding\_Projets de code\2025.05 New addin EE perso\frmListSelection.frm
2025-05-26 23:13:57,918 - INFO - UserForm frmListSelection importé avec succès
2025-05-26 23:13:57,919 - INFO - 
Traitement du UserForm: frmMarkdownDisplay
2025-05-26 23:13:57,932 - INFO - Ancien UserForm frmMarkdownDisplay supprimé
2025-05-26 23:13:57,932 - DEBUG - Import de C:\Users\JulienFernandez\OneDrive\Coding\_Projets de code\2025.05 New addin EE perso\frmMarkdownDisplay.frm
2025-05-26 23:13:58,000 - INFO - UserForm frmMarkdownDisplay importé avec succès
2025-05-26 23:13:58,001 - INFO - 
Traitement du UserForm: frmTicketInput
2025-05-26 23:13:58,016 - INFO - Ancien UserForm frmTicketInput supprimé
2025-05-26 23:13:58,017 - DEBUG - Import de C:\Users\JulienFernandez\OneDrive\Coding\_Projets de code\2025.05 New addin EE perso\frmTicketInput.frm
2025-05-26 23:13:58,065 - INFO - UserForm frmTicketInput importé avec succès
2025-05-26 23:13:58,066 - INFO - 
Modules trouvés: APP_MainOrchestrator.bas, CFG_01_CategoryDefinitions.bas, CFG_02_RagicFieldDictionary.bas, CFG_03_CustomDataTypes.bas, CFG_04_EnvironmentVariables.bas, DAT_01_DataLoadManager.bas, DAT_02_QueryLoader.bas, DAT_03_PowerQueryManager.bas, DAT_04_PowerQueryDebug.bas, frmCustomMessageBox.bas, frmListSelection.bas, frmMarkdownDisplay.bas, frmTicketInput.bas, SEC_01_AccessProfiles.bas, SYS_CoreSystem.bas, SYS_ErrorHandler.bas, SYS_Logger.bas, SYS_MessageBox.bas, SYS_SharePointIntegration.bas, SYS_TicketSystem.bas, ThisWorkbook.cls, UI_02_RibbonLogic.bas, UI_03_RibbonActions.bas, UTL_01_GeneralUtilities.bas
2025-05-26 23:13:58,068 - DEBUG - Détermination du type de module pour: APP_MainOrchestrator
2025-05-26 23:13:58,068 - DEBUG - APP_MainOrchestrator -> Type: StdModule (1)
2025-05-26 23:13:58,068 - INFO - 
Traitement du module: APP_MainOrchestrator (Type: 1)
2025-05-26 23:13:58,094 - INFO - Ancien module APP_MainOrchestrator supprimé
2025-05-26 23:13:58,095 - INFO - Lecture du fichier: APP_MainOrchestrator.bas
2025-05-26 23:13:58,095 - DEBUG - Taille du fichier: 21670 octets
2025-05-26 23:13:58,259 - DEBUG - Encodage détecté: {'encoding': 'utf-8', 'confidence': 0.99, 'language': ''}
2025-05-26 23:13:58,259 - INFO - Fichier lu avec succès using utf-8
2025-05-26 23:13:58,260 - DEBUG - Contenu lu: 21658 caractères
2025-05-26 23:13:58,316 - DEBUG - Injection du code dans APP_MainOrchestrator
2025-05-26 23:13:58,346 - INFO - Module APP_MainOrchestrator injecté avec succès
2025-05-26 23:13:58,347 - DEBUG - Détermination du type de module pour: CFG_01_CategoryDefinitions
2025-05-26 23:13:58,347 - DEBUG - CFG_01_CategoryDefinitions -> Type: StdModule (1)
2025-05-26 23:13:58,348 - INFO - 
Traitement du module: CFG_01_CategoryDefinitions (Type: 1)
2025-05-26 23:13:58,374 - INFO - Ancien module CFG_01_CategoryDefinitions supprimé
2025-05-26 23:13:58,374 - INFO - Lecture du fichier: CFG_01_CategoryDefinitions.bas
2025-05-26 23:13:58,375 - DEBUG - Taille du fichier: 7273 octets
2025-05-26 23:13:58,385 - DEBUG - Encodage détecté: {'encoding': 'utf-8', 'confidence': 0.99, 'language': ''}
2025-05-26 23:13:58,385 - INFO - Fichier lu avec succès using utf-8
2025-05-26 23:13:58,386 - DEBUG - Contenu lu: 7241 caractères
2025-05-26 23:13:58,441 - DEBUG - Injection du code dans CFG_01_CategoryDefinitions
2025-05-26 23:13:58,459 - INFO - Module CFG_01_CategoryDefinitions injecté avec succès
2025-05-26 23:13:58,460 - DEBUG - Détermination du type de module pour: CFG_02_RagicFieldDictionary
2025-05-26 23:13:58,460 - DEBUG - CFG_02_RagicFieldDictionary -> Type: StdModule (1)
2025-05-26 23:13:58,460 - INFO - 
Traitement du module: CFG_02_RagicFieldDictionary (Type: 1)
2025-05-26 23:13:58,484 - INFO - Ancien module CFG_02_RagicFieldDictionary supprimé
2025-05-26 23:13:58,484 - INFO - Lecture du fichier: CFG_02_RagicFieldDictionary.bas
2025-05-26 23:13:58,486 - DEBUG - Taille du fichier: 7932 octets
2025-05-26 23:13:58,495 - DEBUG - Encodage détecté: {'encoding': 'utf-8', 'confidence': 0.99, 'language': ''}
2025-05-26 23:13:58,497 - INFO - Fichier lu avec succès using utf-8
2025-05-26 23:13:58,497 - DEBUG - Contenu lu: 7887 caractères
2025-05-26 23:14:01,106 - DEBUG - Injection du code dans CFG_02_RagicFieldDictionary
2025-05-26 23:14:01,132 - INFO - Module CFG_02_RagicFieldDictionary injecté avec succès
2025-05-26 23:14:01,132 - DEBUG - Détermination du type de module pour: CFG_03_CustomDataTypes
2025-05-26 23:14:01,133 - DEBUG - CFG_03_CustomDataTypes -> Type: StdModule (1)
2025-05-26 23:14:01,133 - INFO - 
Traitement du module: CFG_03_CustomDataTypes (Type: 1)
2025-05-26 23:14:01,179 - INFO - Ancien module CFG_03_CustomDataTypes supprimé
2025-05-26 23:14:01,179 - INFO - Lecture du fichier: CFG_03_CustomDataTypes.bas
2025-05-26 23:14:01,180 - DEBUG - Taille du fichier: 2688 octets
2025-05-26 23:14:01,184 - DEBUG - Encodage détecté: {'encoding': 'utf-8', 'confidence': 0.99, 'language': ''}
2025-05-26 23:14:01,185 - INFO - Fichier lu avec succès using utf-8
2025-05-26 23:14:01,185 - DEBUG - Contenu lu: 2678 caractères
2025-05-26 23:14:01,260 - DEBUG - Injection du code dans CFG_03_CustomDataTypes
2025-05-26 23:14:01,273 - INFO - Module CFG_03_CustomDataTypes injecté avec succès
2025-05-26 23:14:01,274 - DEBUG - Détermination du type de module pour: CFG_04_EnvironmentVariables
2025-05-26 23:14:01,274 - DEBUG - CFG_04_EnvironmentVariables -> Type: StdModule (1)
2025-05-26 23:14:01,275 - INFO - 
Traitement du module: CFG_04_EnvironmentVariables (Type: 1)
2025-05-26 23:14:01,298 - INFO - Ancien module CFG_04_EnvironmentVariables supprimé
2025-05-26 23:14:01,298 - INFO - Lecture du fichier: CFG_04_EnvironmentVariables.bas
2025-05-26 23:14:01,299 - DEBUG - Taille du fichier: 3235 octets
2025-05-26 23:14:01,320 - DEBUG - EUC-TW Taiwan prober hit error at byte 115
2025-05-26 23:14:01,332 - DEBUG - utf-8  confidence = 0.505
2025-05-26 23:14:01,332 - DEBUG - SHIFT_JIS Japanese confidence = 0.01
2025-05-26 23:14:01,332 - DEBUG - EUC-JP Japanese confidence = 0.01
2025-05-26 23:14:01,332 - DEBUG - GB2312 Chinese confidence = 0.01
2025-05-26 23:14:01,333 - DEBUG - EUC-KR Korean confidence = 0.01
2025-05-26 23:14:01,333 - DEBUG - CP949 Korean confidence = 0.01
2025-05-26 23:14:01,334 - DEBUG - Big5 Chinese confidence = 0.01
2025-05-26 23:14:01,334 - DEBUG - EUC-TW not active
2025-05-26 23:14:01,334 - DEBUG - Johab Korean confidence = 0.01
2025-05-26 23:14:01,335 - DEBUG - windows-1251 Russian confidence = 0.01
2025-05-26 23:14:01,335 - DEBUG - KOI8-R Russian confidence = 0.01
2025-05-26 23:14:01,335 - DEBUG - ISO-8859-5 Russian confidence = 0.01
2025-05-26 23:14:01,337 - DEBUG - MacCyrillic Russian confidence = 0.01
2025-05-26 23:14:01,337 - DEBUG - IBM866 Russian confidence = 0.01
2025-05-26 23:14:01,338 - DEBUG - IBM855 Russian confidence = 0.01
2025-05-26 23:14:01,338 - DEBUG - ISO-8859-7 Greek confidence = 0.01
2025-05-26 23:14:01,338 - DEBUG - windows-1253 Greek confidence = 0.01
2025-05-26 23:14:01,338 - DEBUG - ISO-8859-5 Bulgarian confidence = 0.01
2025-05-26 23:14:01,338 - DEBUG - windows-1251 Bulgarian confidence = 0.01
2025-05-26 23:14:01,339 - DEBUG - TIS-620 Thai confidence = 0.0
2025-05-26 23:14:01,339 - DEBUG - ISO-8859-9 Turkish confidence = 0.47555513522597903
2025-05-26 23:14:01,339 - DEBUG - windows-1255 Hebrew confidence = 0.0
2025-05-26 23:14:01,339 - DEBUG - windows-1255 Hebrew confidence = 0.07258971653425335
2025-05-26 23:14:01,339 - DEBUG - windows-1255 Hebrew confidence = 0.02419657217808445
2025-05-26 23:14:01,340 - DEBUG - Encodage détecté: {'encoding': 'ISO-8859-1', 'confidence': 0.73, 'language': ''}
2025-05-26 23:14:01,340 - DEBUG - Tentative de lecture avec l'encodage: utf-8
2025-05-26 23:14:01,341 - INFO - Fichier lu avec succès using utf-8
2025-05-26 23:14:01,341 - DEBUG - Contenu lu: 3234 caractères
2025-05-26 23:14:01,393 - DEBUG - Injection du code dans CFG_04_EnvironmentVariables
2025-05-26 23:14:01,408 - INFO - Module CFG_04_EnvironmentVariables injecté avec succès
2025-05-26 23:14:01,408 - DEBUG - Détermination du type de module pour: DAT_01_DataLoadManager
2025-05-26 23:14:01,408 - DEBUG - DAT_01_DataLoadManager -> Type: StdModule (1)
2025-05-26 23:14:01,409 - INFO - 
Traitement du module: DAT_01_DataLoadManager (Type: 1)
2025-05-26 23:14:01,437 - INFO - Ancien module DAT_01_DataLoadManager supprimé
2025-05-26 23:14:01,438 - INFO - Lecture du fichier: DAT_01_DataLoadManager.bas
2025-05-26 23:14:01,438 - DEBUG - Taille du fichier: 37499 octets
2025-05-26 23:14:01,470 - DEBUG - Encodage détecté: {'encoding': 'utf-8', 'confidence': 0.99, 'language': ''}
2025-05-26 23:14:01,471 - INFO - Fichier lu avec succès using utf-8
2025-05-26 23:14:01,471 - DEBUG - Contenu lu: 37238 caractères
2025-05-26 23:14:01,526 - DEBUG - Injection du code dans DAT_01_DataLoadManager
2025-05-26 23:14:01,566 - INFO - Module DAT_01_DataLoadManager injecté avec succès
2025-05-26 23:14:01,567 - DEBUG - Détermination du type de module pour: DAT_02_QueryLoader
2025-05-26 23:14:01,567 - DEBUG - DAT_02_QueryLoader -> Type: StdModule (1)
2025-05-26 23:14:01,568 - INFO - 
Traitement du module: DAT_02_QueryLoader (Type: 1)
2025-05-26 23:14:01,594 - INFO - Ancien module DAT_02_QueryLoader supprimé
2025-05-26 23:14:01,595 - INFO - Lecture du fichier: DAT_02_QueryLoader.bas
2025-05-26 23:14:01,596 - DEBUG - Taille du fichier: 12970 octets
2025-05-26 23:14:01,609 - DEBUG - Encodage détecté: {'encoding': 'utf-8', 'confidence': 0.99, 'language': ''}
2025-05-26 23:14:01,609 - INFO - Fichier lu avec succès using utf-8
2025-05-26 23:14:01,610 - DEBUG - Contenu lu: 12900 caractères
2025-05-26 23:14:01,697 - DEBUG - Injection du code dans DAT_02_QueryLoader
2025-05-26 23:14:01,738 - INFO - Module DAT_02_QueryLoader injecté avec succès
2025-05-26 23:14:01,739 - DEBUG - Détermination du type de module pour: DAT_03_PowerQueryManager
2025-05-26 23:14:01,739 - DEBUG - DAT_03_PowerQueryManager -> Type: StdModule (1)
2025-05-26 23:14:01,740 - INFO - 
Traitement du module: DAT_03_PowerQueryManager (Type: 1)
2025-05-26 23:14:04,318 - INFO - Ancien module DAT_03_PowerQueryManager supprimé
2025-05-26 23:14:04,318 - INFO - Lecture du fichier: DAT_03_PowerQueryManager.bas
2025-05-26 23:14:04,318 - DEBUG - Taille du fichier: 15566 octets
2025-05-26 23:14:04,337 - DEBUG - Encodage détecté: {'encoding': 'utf-8', 'confidence': 0.99, 'language': ''}
2025-05-26 23:14:04,337 - INFO - Fichier lu avec succès using utf-8
2025-05-26 23:14:04,338 - DEBUG - Contenu lu: 15486 caractères
2025-05-26 23:14:04,436 - DEBUG - Injection du code dans DAT_03_PowerQueryManager
2025-05-26 23:14:04,470 - INFO - Module DAT_03_PowerQueryManager injecté avec succès
2025-05-26 23:14:04,470 - DEBUG - Détermination du type de module pour: DAT_04_PowerQueryDebug
2025-05-26 23:14:04,471 - DEBUG - DAT_04_PowerQueryDebug -> Type: StdModule (1)
2025-05-26 23:14:04,471 - INFO - 
Traitement du module: DAT_04_PowerQueryDebug (Type: 1)
2025-05-26 23:14:04,498 - INFO - Ancien module DAT_04_PowerQueryDebug supprimé
2025-05-26 23:14:04,498 - INFO - Lecture du fichier: DAT_04_PowerQueryDebug.bas
2025-05-26 23:14:04,499 - DEBUG - Taille du fichier: 10614 octets
2025-05-26 23:14:04,510 - DEBUG - Encodage détecté: {'encoding': 'utf-8', 'confidence': 0.99, 'language': ''}
2025-05-26 23:14:04,510 - INFO - Fichier lu avec succès using utf-8
2025-05-26 23:14:04,511 - DEBUG - Contenu lu: 10518 caractères
2025-05-26 23:14:04,568 - DEBUG - Injection du code dans DAT_04_PowerQueryDebug
2025-05-26 23:14:04,586 - INFO - Module DAT_04_PowerQueryDebug injecté avec succès
2025-05-26 23:14:04,586 - DEBUG - Détermination du type de module pour: frmCustomMessageBox
2025-05-26 23:14:04,587 - DEBUG - frmCustomMessageBox -> Type: MSForm (3)
2025-05-26 23:14:04,587 - INFO - 
Traitement du module: frmCustomMessageBox (Type: 3)
2025-05-26 23:14:04,587 - DEBUG - Module frmCustomMessageBox est un UserForm, déjà traité
2025-05-26 23:14:04,588 - DEBUG - Détermination du type de module pour: frmListSelection
2025-05-26 23:14:04,588 - DEBUG - frmListSelection -> Type: MSForm (3)
2025-05-26 23:14:04,588 - INFO - 
Traitement du module: frmListSelection (Type: 3)
2025-05-26 23:14:04,588 - DEBUG - Module frmListSelection est un UserForm, déjà traité
2025-05-26 23:14:04,589 - DEBUG - Détermination du type de module pour: frmMarkdownDisplay
2025-05-26 23:14:04,589 - DEBUG - frmMarkdownDisplay -> Type: MSForm (3)
2025-05-26 23:14:04,590 - INFO - 
Traitement du module: frmMarkdownDisplay (Type: 3)
2025-05-26 23:14:04,590 - DEBUG - Module frmMarkdownDisplay est un UserForm, déjà traité
2025-05-26 23:14:04,591 - DEBUG - Détermination du type de module pour: frmTicketInput
2025-05-26 23:14:04,591 - DEBUG - frmTicketInput -> Type: MSForm (3)
2025-05-26 23:14:04,591 - INFO - 
Traitement du module: frmTicketInput (Type: 3)
2025-05-26 23:14:04,592 - DEBUG - Module frmTicketInput est un UserForm, déjà traité
2025-05-26 23:14:04,592 - DEBUG - Détermination du type de module pour: SEC_01_AccessProfiles
2025-05-26 23:14:04,592 - DEBUG - SEC_01_AccessProfiles -> Type: StdModule (1)
2025-05-26 23:14:04,593 - INFO - 
Traitement du module: SEC_01_AccessProfiles (Type: 1)
2025-05-26 23:14:04,620 - INFO - Ancien module SEC_01_AccessProfiles supprimé
2025-05-26 23:14:04,621 - INFO - Lecture du fichier: SEC_01_AccessProfiles.bas
2025-05-26 23:14:04,622 - DEBUG - Taille du fichier: 5396 octets
2025-05-26 23:14:04,629 - DEBUG - Encodage détecté: {'encoding': 'utf-8', 'confidence': 0.99, 'language': ''}
2025-05-26 23:14:04,630 - INFO - Fichier lu avec succès using utf-8
2025-05-26 23:14:04,631 - DEBUG - Contenu lu: 5362 caractères
2025-05-26 23:14:04,722 - DEBUG - Injection du code dans SEC_01_AccessProfiles
2025-05-26 23:14:04,738 - INFO - Module SEC_01_AccessProfiles injecté avec succès
2025-05-26 23:14:04,739 - DEBUG - Détermination du type de module pour: SYS_CoreSystem
2025-05-26 23:14:04,740 - DEBUG - SYS_CoreSystem -> Type: StdModule (1)
2025-05-26 23:14:04,740 - INFO - 
Traitement du module: SYS_CoreSystem (Type: 1)
2025-05-26 23:14:04,755 - INFO - Ancien module SYS_CoreSystem supprimé
2025-05-26 23:14:04,756 - INFO - Lecture du fichier: SYS_CoreSystem.bas
2025-05-26 23:14:04,756 - DEBUG - Taille du fichier: 18483 octets
2025-05-26 23:14:04,774 - DEBUG - Encodage détecté: {'encoding': 'utf-8', 'confidence': 0.99, 'language': ''}
2025-05-26 23:14:04,774 - INFO - Fichier lu avec succès using utf-8
2025-05-26 23:14:04,775 - DEBUG - Contenu lu: 18476 caractères
2025-05-26 23:14:04,830 - DEBUG - Injection du code dans SYS_CoreSystem
2025-05-26 23:14:04,857 - INFO - Module SYS_CoreSystem injecté avec succès
2025-05-26 23:14:04,858 - DEBUG - Détermination du type de module pour: SYS_ErrorHandler
2025-05-26 23:14:04,858 - DEBUG - SYS_ErrorHandler -> Type: StdModule (1)
2025-05-26 23:14:04,858 - INFO - 
Traitement du module: SYS_ErrorHandler (Type: 1)
2025-05-26 23:14:04,884 - INFO - Ancien module SYS_ErrorHandler supprimé
2025-05-26 23:14:04,885 - INFO - Lecture du fichier: SYS_ErrorHandler.bas
2025-05-26 23:14:04,886 - DEBUG - Taille du fichier: 30356 octets
2025-05-26 23:14:04,914 - DEBUG - Encodage détecté: {'encoding': 'utf-8', 'confidence': 0.99, 'language': ''}
2025-05-26 23:14:04,914 - INFO - Fichier lu avec succès using utf-8
2025-05-26 23:14:04,915 - DEBUG - Contenu lu: 30347 caractères
2025-05-26 23:14:08,047 - DEBUG - Injection du code dans SYS_ErrorHandler
2025-05-26 23:14:08,085 - INFO - Module SYS_ErrorHandler injecté avec succès
2025-05-26 23:14:08,087 - DEBUG - Détermination du type de module pour: SYS_Logger
2025-05-26 23:14:08,090 - DEBUG - SYS_Logger -> Type: StdModule (1)
2025-05-26 23:14:08,091 - INFO - 
Traitement du module: SYS_Logger (Type: 1)
2025-05-26 23:14:08,133 - INFO - Ancien module SYS_Logger supprimé
2025-05-26 23:14:08,133 - INFO - Lecture du fichier: SYS_Logger.bas
2025-05-26 23:14:08,133 - DEBUG - Taille du fichier: 25482 octets
2025-05-26 23:14:08,317 - DEBUG - EUC-TW Taiwan prober hit error at byte 10044
2025-05-26 23:14:08,400 - DEBUG - utf-8  confidence = 0.938125
2025-05-26 23:14:08,400 - DEBUG - SHIFT_JIS Japanese confidence = 0.01
2025-05-26 23:14:08,401 - DEBUG - EUC-JP Japanese confidence = 0.01
2025-05-26 23:14:08,401 - DEBUG - GB2312 Chinese confidence = 0.01
2025-05-26 23:14:08,401 - DEBUG - EUC-KR Korean confidence = 0.01
2025-05-26 23:14:08,403 - DEBUG - CP949 Korean confidence = 0.01
2025-05-26 23:14:08,404 - DEBUG - Big5 Chinese confidence = 0.01
2025-05-26 23:14:08,405 - DEBUG - EUC-TW not active
2025-05-26 23:14:08,406 - DEBUG - Johab Korean confidence = 0.01
2025-05-26 23:14:08,407 - DEBUG - windows-1251 Russian confidence = 0.01
2025-05-26 23:14:08,408 - DEBUG - KOI8-R Russian confidence = 0.01
2025-05-26 23:14:08,408 - DEBUG - ISO-8859-5 Russian confidence = 0.01
2025-05-26 23:14:08,409 - DEBUG - MacCyrillic Russian confidence = 0.01
2025-05-26 23:14:08,409 - DEBUG - IBM866 Russian confidence = 0.01
2025-05-26 23:14:08,409 - DEBUG - IBM855 Russian confidence = 0.01
2025-05-26 23:14:08,410 - DEBUG - ISO-8859-7 Greek confidence = 0.0
2025-05-26 23:14:08,412 - DEBUG - windows-1253 Greek confidence = 0.0
2025-05-26 23:14:08,412 - DEBUG - ISO-8859-5 Bulgarian confidence = 0.01
2025-05-26 23:14:08,413 - DEBUG - windows-1251 Bulgarian confidence = 0.01
2025-05-26 23:14:08,414 - DEBUG - TIS-620 Thai confidence = 0.014587346433898519
2025-05-26 23:14:08,414 - DEBUG - ISO-8859-9 Turkish confidence = 0.4539534791614227
2025-05-26 23:14:08,415 - DEBUG - windows-1255 Hebrew confidence = 0.0
2025-05-26 23:14:08,415 - DEBUG - windows-1255 Hebrew confidence = 0.09475900834066045
2025-05-26 23:14:08,415 - DEBUG - windows-1255 Hebrew confidence = 0.052643893522589136
2025-05-26 23:14:08,416 - DEBUG - utf-8  confidence = 0.938125
2025-05-26 23:14:08,416 - DEBUG - SHIFT_JIS Japanese confidence = 0.01
2025-05-26 23:14:08,417 - DEBUG - EUC-JP Japanese confidence = 0.01
2025-05-26 23:14:08,417 - DEBUG - GB2312 Chinese confidence = 0.01
2025-05-26 23:14:08,418 - DEBUG - EUC-KR Korean confidence = 0.01
2025-05-26 23:14:08,418 - DEBUG - CP949 Korean confidence = 0.01
2025-05-26 23:14:08,421 - DEBUG - Big5 Chinese confidence = 0.01
2025-05-26 23:14:08,422 - DEBUG - EUC-TW not active
2025-05-26 23:14:08,422 - DEBUG - Johab Korean confidence = 0.01
2025-05-26 23:14:08,422 - DEBUG - Encodage détecté: {'encoding': 'utf-8', 'confidence': 0.938125, 'language': ''}
2025-05-26 23:14:08,423 - INFO - Fichier lu avec succès using utf-8
2025-05-26 23:14:08,423 - DEBUG - Contenu lu: 25478 caractères
2025-05-26 23:14:08,513 - DEBUG - Injection du code dans SYS_Logger
2025-05-26 23:14:08,563 - INFO - Module SYS_Logger injecté avec succès
2025-05-26 23:14:08,564 - DEBUG - Détermination du type de module pour: SYS_MessageBox
2025-05-26 23:14:08,564 - DEBUG - SYS_MessageBox -> Type: StdModule (1)
2025-05-26 23:14:08,565 - INFO - 
Traitement du module: SYS_MessageBox (Type: 1)
2025-05-26 23:14:08,624 - INFO - Ancien module SYS_MessageBox supprimé
2025-05-26 23:14:08,625 - INFO - Lecture du fichier: SYS_MessageBox.bas
2025-05-26 23:14:08,625 - DEBUG - Taille du fichier: 28252 octets
2025-05-26 23:14:08,686 - DEBUG - Encodage détecté: {'encoding': 'utf-8', 'confidence': 0.99, 'language': ''}
2025-05-26 23:14:08,693 - INFO - Fichier lu avec succès using utf-8
2025-05-26 23:14:08,694 - DEBUG - Contenu lu: 28242 caractères
2025-05-26 23:14:11,752 - DEBUG - Injection du code dans SYS_MessageBox
2025-05-26 23:14:11,807 - INFO - Module SYS_MessageBox injecté avec succès
2025-05-26 23:14:11,809 - DEBUG - Détermination du type de module pour: SYS_SharePointIntegration
2025-05-26 23:14:11,809 - DEBUG - SYS_SharePointIntegration -> Type: StdModule (1)
2025-05-26 23:14:11,810 - INFO - 
Traitement du module: SYS_SharePointIntegration (Type: 1)
2025-05-26 23:14:11,854 - INFO - Ancien module SYS_SharePointIntegration supprimé
2025-05-26 23:14:11,854 - INFO - Lecture du fichier: SYS_SharePointIntegration.bas
2025-05-26 23:14:11,855 - DEBUG - Taille du fichier: 28813 octets
2025-05-26 23:14:11,879 - DEBUG - Encodage détecté: {'encoding': 'ascii', 'confidence': 1.0, 'language': ''}
2025-05-26 23:14:11,882 - INFO - Fichier lu avec succès using ascii
2025-05-26 23:14:11,882 - DEBUG - Contenu lu: 28813 caractères
2025-05-26 23:14:12,013 - DEBUG - Injection du code dans SYS_SharePointIntegration
2025-05-26 23:14:12,098 - INFO - Module SYS_SharePointIntegration injecté avec succès
2025-05-26 23:14:12,099 - DEBUG - Détermination du type de module pour: SYS_TicketSystem
2025-05-26 23:14:12,100 - DEBUG - SYS_TicketSystem -> Type: StdModule (1)
2025-05-26 23:14:12,101 - INFO - 
Traitement du module: SYS_TicketSystem (Type: 1)
2025-05-26 23:14:12,146 - INFO - Ancien module SYS_TicketSystem supprimé
2025-05-26 23:14:12,147 - INFO - Lecture du fichier: SYS_TicketSystem.bas
2025-05-26 23:14:12,147 - DEBUG - Taille du fichier: 23125 octets
2025-05-26 23:14:12,282 - DEBUG - EUC-JP Japanese prober hit error at byte 16819
2025-05-26 23:14:12,338 - DEBUG - EUC-KR Korean prober hit error at byte 16819
2025-05-26 23:14:12,355 - DEBUG - CP949 Korean prober hit error at byte 16819
2025-05-26 23:14:12,378 - DEBUG - Big5 Chinese prober hit error at byte 16820
2025-05-26 23:14:12,397 - DEBUG - EUC-TW Taiwan prober hit error at byte 16819
2025-05-26 23:14:12,536 - DEBUG - utf-8 not active
2025-05-26 23:14:12,537 - DEBUG - SHIFT_JIS Japanese confidence = 0.01
2025-05-26 23:14:12,537 - DEBUG - EUC-JP not active
2025-05-26 23:14:12,537 - DEBUG - GB2312 Chinese confidence = 0.01
2025-05-26 23:14:12,538 - DEBUG - EUC-KR not active
2025-05-26 23:14:12,538 - DEBUG - CP949 not active
2025-05-26 23:14:12,539 - DEBUG - Big5 not active
2025-05-26 23:14:12,540 - DEBUG - EUC-TW not active
2025-05-26 23:14:12,540 - DEBUG - Johab Korean confidence = 0.01
2025-05-26 23:14:12,540 - DEBUG - windows-1251 Russian confidence = 0.01
2025-05-26 23:14:12,541 - DEBUG - KOI8-R Russian confidence = 0.01
2025-05-26 23:14:12,541 - DEBUG - ISO-8859-5 Russian confidence = 0.01
2025-05-26 23:14:12,542 - DEBUG - MacCyrillic Russian confidence = 0.0
2025-05-26 23:14:12,542 - DEBUG - IBM866 Russian confidence = 0.09599621544520229
2025-05-26 23:14:12,542 - DEBUG - IBM855 Russian confidence = 0.01
2025-05-26 23:14:12,544 - DEBUG - ISO-8859-7 Greek confidence = 0.01
2025-05-26 23:14:12,544 - DEBUG - windows-1253 Greek confidence = 0.01
2025-05-26 23:14:12,544 - DEBUG - ISO-8859-5 Bulgarian confidence = 0.01
2025-05-26 23:14:12,545 - DEBUG - windows-1251 Bulgarian confidence = 0.01
2025-05-26 23:14:12,545 - DEBUG - TIS-620 Thai confidence = 0.01
2025-05-26 23:14:12,545 - DEBUG - ISO-8859-9 Turkish confidence = 0.4886990778396829
2025-05-26 23:14:12,546 - DEBUG - windows-1255 Hebrew confidence = 0.0
2025-05-26 23:14:12,546 - DEBUG - windows-1255 Hebrew confidence = 0.01
2025-05-26 23:14:12,547 - DEBUG - windows-1255 Hebrew confidence = 0.01
2025-05-26 23:14:12,547 - DEBUG - Encodage détecté: {'encoding': 'Windows-1252', 'confidence': 0.7293218014510706, 'language': ''}
2025-05-26 23:14:12,547 - DEBUG - Tentative de lecture avec l'encodage: utf-8
2025-05-26 23:14:12,548 - INFO - Fichier lu avec succès using utf-8
2025-05-26 23:14:12,548 - DEBUG - Contenu lu: 23122 caractères
2025-05-26 23:14:12,621 - DEBUG - Injection du code dans SYS_TicketSystem
2025-05-26 23:14:12,690 - INFO - Module SYS_TicketSystem injecté avec succès
2025-05-26 23:14:12,691 - DEBUG - Détermination du type de module pour: ThisWorkbook
2025-05-26 23:14:12,692 - DEBUG - ThisWorkbook -> Type: Document (100)
2025-05-26 23:14:12,692 - INFO - 
Traitement du module: ThisWorkbook (Type: 100)
2025-05-26 23:14:12,731 - WARNING - Erreur lors de la suppression de ThisWorkbook: (-2147352567, 'Une exception s’est produite.', (0, None, None, None, 0, -2147024809), None)
2025-05-26 23:14:12,733 - INFO - Lecture du fichier: ThisWorkbook.cls
2025-05-26 23:14:12,734 - DEBUG - Taille du fichier: 681 octets
2025-05-26 23:14:12,742 - DEBUG - EUC-JP Japanese prober hit error at byte 317
2025-05-26 23:14:12,744 - DEBUG - EUC-KR Korean prober hit error at byte 317
2025-05-26 23:14:12,745 - DEBUG - CP949 Korean prober hit error at byte 317
2025-05-26 23:14:12,746 - DEBUG - EUC-TW Taiwan prober hit error at byte 317
2025-05-26 23:14:12,750 - DEBUG - utf-8 not active
2025-05-26 23:14:12,750 - DEBUG - SHIFT_JIS Japanese confidence = 0.01
2025-05-26 23:14:12,752 - DEBUG - EUC-JP not active
2025-05-26 23:14:12,753 - DEBUG - GB2312 Chinese confidence = 0.01
2025-05-26 23:14:12,753 - DEBUG - EUC-KR not active
2025-05-26 23:14:12,754 - DEBUG - CP949 not active
2025-05-26 23:14:12,754 - DEBUG - Big5 Chinese confidence = 0.01
2025-05-26 23:14:12,754 - DEBUG - EUC-TW not active
2025-05-26 23:14:12,755 - DEBUG - Johab Korean confidence = 0.01
2025-05-26 23:14:12,756 - DEBUG - windows-1251 Russian confidence = 0.01
2025-05-26 23:14:12,758 - DEBUG - KOI8-R Russian confidence = 0.01
2025-05-26 23:14:12,758 - DEBUG - ISO-8859-5 Russian confidence = 0.01
2025-05-26 23:14:12,759 - DEBUG - MacCyrillic Russian confidence = 0.01
2025-05-26 23:14:12,759 - DEBUG - IBM866 Russian confidence = 0.01
2025-05-26 23:14:12,760 - DEBUG - IBM855 Russian confidence = 0.01
2025-05-26 23:14:12,761 - DEBUG - ISO-8859-7 Greek confidence = 0.0
2025-05-26 23:14:12,761 - DEBUG - windows-1253 Greek confidence = 0.0
2025-05-26 23:14:12,762 - DEBUG - ISO-8859-5 Bulgarian confidence = 0.01
2025-05-26 23:14:12,762 - DEBUG - windows-1251 Bulgarian confidence = 0.01
2025-05-26 23:14:12,763 - DEBUG - TIS-620 Thai confidence = 0.01
2025-05-26 23:14:12,763 - DEBUG - ISO-8859-9 Turkish confidence = 0.45708515458180055
2025-05-26 23:14:12,764 - DEBUG - windows-1255 Hebrew confidence = 0.0
2025-05-26 23:14:12,764 - DEBUG - windows-1255 Hebrew confidence = 0.08136690448120554
2025-05-26 23:14:12,764 - DEBUG - windows-1255 Hebrew confidence = 0.023247686994630156
2025-05-26 23:14:12,764 - DEBUG - Encodage détecté: {'encoding': 'ISO-8859-1', 'confidence': 0.73, 'language': ''}
2025-05-26 23:14:12,765 - DEBUG - Tentative de lecture avec l'encodage: utf-8
2025-05-26 23:14:12,766 - DEBUG - Échec avec utf-8: 'utf-8' codec can't decode byte 0xe8 in position 316: invalid continuation byte
2025-05-26 23:14:12,767 - DEBUG - Tentative de lecture avec l'encodage: cp1252
2025-05-26 23:14:12,767 - INFO - Fichier lu avec succès using cp1252
2025-05-26 23:14:12,769 - DEBUG - Contenu lu: 681 caractères
2025-05-26 23:14:12,770 - DEBUG - Traitement du contenu du module Workbook
2025-05-26 23:14:12,770 - DEBUG - Contenu ThisWorkbook traité
2025-05-26 23:14:12,780 - ERROR - Erreur lors de l'injection de ThisWorkbook: (-2147352567, 'Une exception s’est produite.', (0, None, None, None, 0, -2146827848), None)
2025-05-26 23:14:12,795 - ERROR - Stacktrace: Traceback (most recent call last):
  File "C:\Users\JulienFernandez\OneDrive\Coding\_Projets de code\2025.05 New addin EE perso\inject_modules.py", line 291, in inject_modules
    new_module = vba_project.VBComponents.Add(module_type)
                 ^^^^^^^^^^^^^^^^^^^^^^^^^^^^^^^^^^^^^^^^^
  File "<COMObject <unknown>>", line 2, in Add
pywintypes.com_error: (-2147352567, 'Une exception s’est produite.', (0, None, None, None, 0, -2146827848), None)

2025-05-26 23:14:12,797 - DEBUG - Détermination du type de module pour: UI_02_RibbonLogic
2025-05-26 23:14:12,798 - DEBUG - UI_02_RibbonLogic -> Type: StdModule (1)
2025-05-26 23:14:12,800 - INFO - 
Traitement du module: UI_02_RibbonLogic (Type: 1)
2025-05-26 23:14:12,842 - INFO - Ancien module UI_02_RibbonLogic supprimé
2025-05-26 23:14:12,843 - INFO - Lecture du fichier: UI_02_RibbonLogic.bas
2025-05-26 23:14:12,843 - DEBUG - Taille du fichier: 8567 octets
2025-05-26 23:14:12,864 - DEBUG - Encodage détecté: {'encoding': 'utf-8', 'confidence': 0.99, 'language': ''}
2025-05-26 23:14:12,866 - INFO - Fichier lu avec succès using utf-8
2025-05-26 23:14:12,866 - DEBUG - Contenu lu: 8543 caractères
2025-05-26 23:14:12,957 - DEBUG - Injection du code dans UI_02_RibbonLogic
2025-05-26 23:14:12,983 - INFO - Module UI_02_RibbonLogic injecté avec succès
2025-05-26 23:14:12,985 - DEBUG - Détermination du type de module pour: UI_03_RibbonActions
2025-05-26 23:14:12,985 - DEBUG - UI_03_RibbonActions -> Type: StdModule (1)
2025-05-26 23:14:12,986 - INFO - 
Traitement du module: UI_03_RibbonActions (Type: 1)
2025-05-26 23:14:13,025 - INFO - Ancien module UI_03_RibbonActions supprimé
2025-05-26 23:14:13,026 - INFO - Lecture du fichier: UI_03_RibbonActions.bas
2025-05-26 23:14:13,027 - DEBUG - Taille du fichier: 45772 octets
2025-05-26 23:14:13,084 - DEBUG - Encodage détecté: {'encoding': 'utf-8', 'confidence': 0.99, 'language': ''}
2025-05-26 23:14:13,085 - INFO - Fichier lu avec succès using utf-8
2025-05-26 23:14:13,086 - DEBUG - Contenu lu: 45532 caractères
2025-05-26 23:14:13,167 - DEBUG - Injection du code dans UI_03_RibbonActions
2025-05-26 23:14:16,064 - INFO - Module UI_03_RibbonActions injecté avec succès
2025-05-26 23:14:16,064 - DEBUG - Détermination du type de module pour: UTL_01_GeneralUtilities
2025-05-26 23:14:16,065 - DEBUG - UTL_01_GeneralUtilities -> Type: StdModule (1)
2025-05-26 23:14:16,065 - INFO - 
Traitement du module: UTL_01_GeneralUtilities (Type: 1)
2025-05-26 23:14:16,098 - INFO - Ancien module UTL_01_GeneralUtilities supprimé
2025-05-26 23:14:16,098 - INFO - Lecture du fichier: UTL_01_GeneralUtilities.bas
2025-05-26 23:14:16,100 - DEBUG - Taille du fichier: 7574 octets
2025-05-26 23:14:16,112 - DEBUG - Encodage détecté: {'encoding': 'utf-8', 'confidence': 0.99, 'language': ''}
2025-05-26 23:14:16,113 - INFO - Fichier lu avec succès using utf-8
2025-05-26 23:14:16,114 - DEBUG - Contenu lu: 7499 caractères
2025-05-26 23:14:16,169 - DEBUG - Injection du code dans UTL_01_GeneralUtilities
2025-05-26 23:14:16,191 - INFO - Module UTL_01_GeneralUtilities injecté avec succès
2025-05-26 23:14:16,192 - INFO - 
Sauvegarde des modifications...
2025-05-26 23:14:22,012 - INFO - Fermeture du classeur...
2025-05-26 23:14:23,540 - INFO - Fermeture d'Excel...
2025-05-26 23:14:24,542 - INFO - 
Injection terminée avec succès!
2025-05-26 23:14:24,544 - INFO - Nettoyage final...
2025-05-26 23:14:24,547 - WARNING - Erreur lors de la fermeture du workbook: (-2147417848, 'L’objet invoqué s’est déconnecté de ses clients.', None, None)
2025-05-26 23:14:24,550 - DEBUG - Excel fermé
2025-05-26 23:14:24,550 - INFO - Tentative de fermeture de toutes les instances Excel...
2025-05-26 23:14:26,087 - DEBUG - Instance Excel trouvée - PID: 12732, Créé le: 2025-05-26 23:13:46
2025-05-26 23:14:26,088 - INFO - Instance Excel terminée - PID: 12732, Créé le: 2025-05-26 23:13:46
2025-05-26 23:14:26,392 - INFO - Attente de 2 secondes après la fermeture d'Excel...
2025-05-26 23:14:28,393 - INFO - Nettoyage terminé
