2025-05-28 07:54:37,722 - INFO - Début de l'injection des modules. Log file: logs\inject_modules_20250528_075437.log
2025-05-28 07:54:37,723 - INFO - Vérification de l'accès au VBA Project
2025-05-28 07:54:53,216 - DEBUG - Excel démarré en mode invisible
2025-05-28 07:54:54,439 - DEBUG - Nouveau classeur créé
2025-05-28 07:54:55,097 - INFO - Accès au VBA Project confirmé
2025-05-28 07:54:55,186 - DEBUG - Classeur temporaire fermé
2025-05-28 07:54:55,192 - DEBUG - Excel fermé
2025-05-28 07:55:06,736 - INFO - Fichier Excel cible: C:\Users\JulienFernandez\OneDrive\Coding\_Projets de code\2025.05 New addin EE perso\Addin Elyse Energy.xlsm
2025-05-28 07:55:06,737 - INFO - Tentative de fermeture de toutes les instances Excel...
2025-05-28 07:55:10,228 - DEBUG - Instance Excel trouvée - PID: 32292, Créé le: 2025-05-28 07:54:38
2025-05-28 07:55:10,230 - INFO - Instance Excel terminée - PID: 32292, Créé le: 2025-05-28 07:54:38
2025-05-28 07:55:10,329 - INFO - Attente de 2 secondes après la fermeture d'Excel...
2025-05-28 07:55:12,331 - INFO - Démarrage d'Excel...
2025-05-28 07:55:24,470 - DEBUG - Excel démarré en mode invisible, alertes désactivées
2025-05-28 07:55:24,471 - INFO - Ouverture du fichier C:\Users\JulienFernandez\OneDrive\Coding\_Projets de code\2025.05 New addin EE perso\Addin Elyse Energy.xlsm...
2025-05-28 07:55:46,240 - INFO - VBA Project accessible
2025-05-28 07:55:46,851 - INFO - Composants actuels: ThisWorkbook, env, LoadQueries, Utilities, RibbonVisibility, Technologies_Manager, DataLoaderManager, PQQueryManager, Types, CategoryManager, Sheet4, AccessProfiles, PQDebugTools, Sheet1, RagicDictionary, Sheet2
2025-05-28 07:55:46,852 - INFO - UserForms trouvés: 
2025-05-28 07:55:46,853 - INFO - 
Modules trouvés: AccessProfiles.bas, CategoryManager.bas, DataLoaderManager.bas, LoadQueries.bas, PQDebugTools.bas, PQQueryManager.bas, RagicDictionary.bas, RibbonVisibility.bas, SYS_Logger.bas, Technologies_Manager.bas, Types.bas, Utilities.bas
2025-05-28 07:55:46,853 - DEBUG - Détermination du type de module pour: AccessProfiles
2025-05-28 07:55:46,854 - DEBUG - AccessProfiles -> Type: StdModule (1)
2025-05-28 07:55:46,854 - INFO - 
Traitement du module: AccessProfiles (Type: 1)
2025-05-28 07:55:52,099 - INFO - Ancien module AccessProfiles supprimé
2025-05-28 07:55:52,101 - INFO - Lecture du fichier: AccessProfiles.bas
2025-05-28 07:55:52,102 - DEBUG - Taille du fichier: 3879 octets
2025-05-28 07:55:56,974 - DEBUG - Encodage détecté: {'encoding': 'utf-8', 'confidence': 0.99, 'language': ''}
2025-05-28 07:55:56,975 - INFO - Fichier lu avec succès using utf-8
2025-05-28 07:55:56,975 - DEBUG - Contenu lu: 3851 caractères
2025-05-28 07:55:57,324 - DEBUG - Injection du code dans AccessProfiles
2025-05-28 07:55:57,641 - INFO - Module AccessProfiles injecté avec succès
2025-05-28 07:55:57,642 - DEBUG - Détermination du type de module pour: CategoryManager
2025-05-28 07:55:57,642 - DEBUG - CategoryManager -> Type: StdModule (1)
2025-05-28 07:55:57,643 - INFO - 
Traitement du module: CategoryManager (Type: 1)
2025-05-28 07:55:57,881 - INFO - Ancien module CategoryManager supprimé
2025-05-28 07:55:57,881 - INFO - Lecture du fichier: CategoryManager.bas
2025-05-28 07:55:57,882 - DEBUG - Taille du fichier: 6348 octets
2025-05-28 07:55:57,896 - DEBUG - Encodage détecté: {'encoding': 'utf-8', 'confidence': 0.99, 'language': ''}
2025-05-28 07:55:57,897 - INFO - Fichier lu avec succès using utf-8
2025-05-28 07:55:57,897 - DEBUG - Contenu lu: 6316 caractères
2025-05-28 07:55:58,213 - DEBUG - Injection du code dans CategoryManager
2025-05-28 07:55:58,265 - INFO - Module CategoryManager injecté avec succès
2025-05-28 07:55:58,266 - DEBUG - Détermination du type de module pour: DataLoaderManager
2025-05-28 07:55:58,267 - DEBUG - DataLoaderManager -> Type: StdModule (1)
2025-05-28 07:55:58,267 - INFO - 
Traitement du module: DataLoaderManager (Type: 1)
2025-05-28 07:55:58,378 - INFO - Ancien module DataLoaderManager supprimé
2025-05-28 07:55:58,379 - INFO - Lecture du fichier: DataLoaderManager.bas
2025-05-28 07:55:58,380 - DEBUG - Taille du fichier: 35009 octets
2025-05-28 07:55:58,435 - DEBUG - Encodage détecté: {'encoding': 'utf-8', 'confidence': 0.99, 'language': ''}
2025-05-28 07:55:58,436 - INFO - Fichier lu avec succès using utf-8
2025-05-28 07:55:58,437 - DEBUG - Contenu lu: 34817 caractères
2025-05-28 07:55:58,642 - DEBUG - Injection du code dans DataLoaderManager
2025-05-28 07:55:58,772 - INFO - Module DataLoaderManager injecté avec succès
2025-05-28 07:55:58,774 - DEBUG - Détermination du type de module pour: LoadQueries
2025-05-28 07:55:58,774 - DEBUG - LoadQueries -> Type: StdModule (1)
2025-05-28 07:55:58,775 - INFO - 
Traitement du module: LoadQueries (Type: 1)
2025-05-28 07:55:58,935 - INFO - Ancien module LoadQueries supprimé
2025-05-28 07:55:58,938 - INFO - Lecture du fichier: LoadQueries.bas
2025-05-28 07:55:58,939 - DEBUG - Taille du fichier: 4888 octets
2025-05-28 07:55:58,952 - DEBUG - BOM UTF-8 détecté
2025-05-28 07:55:59,000 - INFO - Fichier lu avec succès using utf-8-sig (BOM)
2025-05-28 07:55:59,001 - DEBUG - Contenu lu: 4864 caractères
2025-05-28 07:55:59,173 - DEBUG - Injection du code dans LoadQueries
2025-05-28 07:55:59,256 - INFO - Module LoadQueries injecté avec succès
2025-05-28 07:55:59,256 - DEBUG - Détermination du type de module pour: PQDebugTools
2025-05-28 07:55:59,257 - DEBUG - PQDebugTools -> Type: StdModule (1)
2025-05-28 07:55:59,257 - INFO - 
Traitement du module: PQDebugTools (Type: 1)
2025-05-28 07:55:59,345 - INFO - Ancien module PQDebugTools supprimé
2025-05-28 07:55:59,346 - INFO - Lecture du fichier: PQDebugTools.bas
2025-05-28 07:55:59,346 - DEBUG - Taille du fichier: 5347 octets
2025-05-28 07:55:59,360 - DEBUG - Encodage détecté: {'encoding': 'utf-8', 'confidence': 0.99, 'language': ''}
2025-05-28 07:55:59,360 - INFO - Fichier lu avec succès using utf-8
2025-05-28 07:55:59,361 - DEBUG - Contenu lu: 5297 caractères
2025-05-28 07:55:59,823 - DEBUG - Injection du code dans PQDebugTools
2025-05-28 07:55:59,929 - INFO - Module PQDebugTools injecté avec succès
2025-05-28 07:55:59,930 - DEBUG - Détermination du type de module pour: PQQueryManager
2025-05-28 07:55:59,930 - DEBUG - PQQueryManager -> Type: StdModule (1)
2025-05-28 07:55:59,930 - INFO - 
Traitement du module: PQQueryManager (Type: 1)
2025-05-28 07:56:00,058 - INFO - Ancien module PQQueryManager supprimé
2025-05-28 07:56:00,059 - INFO - Lecture du fichier: PQQueryManager.bas
2025-05-28 07:56:00,060 - DEBUG - Taille du fichier: 5292 octets
2025-05-28 07:56:00,076 - DEBUG - Encodage détecté: {'encoding': 'utf-8', 'confidence': 0.99, 'language': ''}
2025-05-28 07:56:00,076 - INFO - Fichier lu avec succès using utf-8
2025-05-28 07:56:00,077 - DEBUG - Contenu lu: 5256 caractères
2025-05-28 07:56:00,279 - DEBUG - Injection du code dans PQQueryManager
2025-05-28 07:56:00,341 - INFO - Module PQQueryManager injecté avec succès
2025-05-28 07:56:00,341 - DEBUG - Détermination du type de module pour: RagicDictionary
2025-05-28 07:56:00,342 - DEBUG - RagicDictionary -> Type: StdModule (1)
2025-05-28 07:56:00,343 - INFO - 
Traitement du module: RagicDictionary (Type: 1)
2025-05-28 07:56:00,430 - INFO - Ancien module RagicDictionary supprimé
2025-05-28 07:56:00,431 - INFO - Lecture du fichier: RagicDictionary.bas
2025-05-28 07:56:00,431 - DEBUG - Taille du fichier: 9553 octets
2025-05-28 07:56:00,445 - DEBUG - Encodage détecté: {'encoding': 'utf-8', 'confidence': 0.99, 'language': ''}
2025-05-28 07:56:00,445 - INFO - Fichier lu avec succès using utf-8
2025-05-28 07:56:00,447 - DEBUG - Contenu lu: 9499 caractères
2025-05-28 07:56:00,664 - DEBUG - Injection du code dans RagicDictionary
2025-05-28 07:56:00,739 - INFO - Module RagicDictionary injecté avec succès
2025-05-28 07:56:00,740 - DEBUG - Détermination du type de module pour: RibbonVisibility
2025-05-28 07:56:00,740 - DEBUG - RibbonVisibility -> Type: StdModule (1)
2025-05-28 07:56:00,741 - INFO - 
Traitement du module: RibbonVisibility (Type: 1)
2025-05-28 07:56:00,861 - INFO - Ancien module RibbonVisibility supprimé
2025-05-28 07:56:00,862 - INFO - Lecture du fichier: RibbonVisibility.bas
2025-05-28 07:56:00,862 - DEBUG - Taille du fichier: 5000 octets
2025-05-28 07:56:00,883 - DEBUG - Encodage détecté: {'encoding': 'utf-8', 'confidence': 0.99, 'language': ''}
2025-05-28 07:56:00,884 - INFO - Fichier lu avec succès using utf-8
2025-05-28 07:56:00,888 - DEBUG - Contenu lu: 4979 caractères
2025-05-28 07:56:01,238 - DEBUG - Injection du code dans RibbonVisibility
2025-05-28 07:56:01,320 - INFO - Module RibbonVisibility injecté avec succès
2025-05-28 07:56:01,321 - DEBUG - Détermination du type de module pour: SYS_Logger
2025-05-28 07:56:01,322 - DEBUG - SYS_Logger -> Type: StdModule (1)
2025-05-28 07:56:01,322 - INFO - 
Traitement du module: SYS_Logger (Type: 1)
2025-05-28 07:56:01,322 - INFO - Lecture du fichier: SYS_Logger.bas
2025-05-28 07:56:01,323 - DEBUG - Taille du fichier: 4425 octets
2025-05-28 07:56:01,336 - DEBUG - Encodage détecté: {'encoding': 'utf-8', 'confidence': 0.99, 'language': ''}
2025-05-28 07:56:01,336 - INFO - Fichier lu avec succès using utf-8
2025-05-28 07:56:01,336 - DEBUG - Contenu lu: 4415 caractères
2025-05-28 07:56:01,957 - DEBUG - Injection du code dans SYS_Logger
2025-05-28 07:56:02,098 - INFO - Module SYS_Logger injecté avec succès
2025-05-28 07:56:02,099 - DEBUG - Détermination du type de module pour: Technologies_Manager
2025-05-28 07:56:02,100 - DEBUG - Technologies_Manager -> Type: StdModule (1)
2025-05-28 07:56:02,100 - INFO - 
Traitement du module: Technologies_Manager (Type: 1)
2025-05-28 07:56:02,287 - INFO - Ancien module Technologies_Manager supprimé
2025-05-28 07:56:02,287 - INFO - Lecture du fichier: Technologies_Manager.bas
2025-05-28 07:56:02,288 - DEBUG - Taille du fichier: 10786 octets
2025-05-28 07:56:02,310 - DEBUG - Encodage détecté: {'encoding': 'utf-8', 'confidence': 0.99, 'language': ''}
2025-05-28 07:56:02,312 - INFO - Fichier lu avec succès using utf-8
2025-05-28 07:56:02,312 - DEBUG - Contenu lu: 10747 caractères
2025-05-28 07:56:07,423 - DEBUG - Injection du code dans Technologies_Manager
2025-05-28 07:56:07,670 - INFO - Module Technologies_Manager injecté avec succès
2025-05-28 07:56:07,670 - DEBUG - Détermination du type de module pour: Types
2025-05-28 07:56:07,671 - DEBUG - Types -> Type: StdModule (1)
2025-05-28 07:56:07,671 - INFO - 
Traitement du module: Types (Type: 1)
2025-05-28 07:56:07,796 - INFO - Ancien module Types supprimé
2025-05-28 07:56:07,796 - INFO - Lecture du fichier: Types.bas
2025-05-28 07:56:07,797 - DEBUG - Taille du fichier: 1350 octets
2025-05-28 07:56:07,805 - DEBUG - Encodage détecté: {'encoding': 'utf-8', 'confidence': 0.99, 'language': ''}
2025-05-28 07:56:07,806 - INFO - Fichier lu avec succès using utf-8
2025-05-28 07:56:07,806 - DEBUG - Contenu lu: 1339 caractères
2025-05-28 07:56:08,217 - DEBUG - Injection du code dans Types
2025-05-28 07:56:08,277 - INFO - Module Types injecté avec succès
2025-05-28 07:56:08,278 - DEBUG - Détermination du type de module pour: Utilities
2025-05-28 07:56:08,278 - DEBUG - Utilities -> Type: StdModule (1)
2025-05-28 07:56:08,279 - INFO - 
Traitement du module: Utilities (Type: 1)
2025-05-28 07:56:08,555 - INFO - Ancien module Utilities supprimé
2025-05-28 07:56:08,556 - INFO - Lecture du fichier: Utilities.bas
2025-05-28 07:56:08,556 - DEBUG - Taille du fichier: 2737 octets
2025-05-28 07:56:08,576 - DEBUG - BOM UTF-8 détecté
2025-05-28 07:56:08,577 - INFO - Fichier lu avec succès using utf-8-sig (BOM)
2025-05-28 07:56:08,577 - DEBUG - Contenu lu: 2674 caractères
2025-05-28 07:56:09,138 - DEBUG - Injection du code dans Utilities
2025-05-28 07:56:09,347 - INFO - Module Utilities injecté avec succès
2025-05-28 07:56:09,348 - INFO - 
Sauvegarde des modifications...
2025-05-28 07:56:24,351 - INFO - Fermeture du classeur...
2025-05-28 07:56:27,237 - INFO - Fermeture d'Excel...
2025-05-28 07:56:28,244 - INFO - 
Injection terminée avec succès!
2025-05-28 07:56:28,245 - INFO - Nettoyage final...
2025-05-28 07:56:28,251 - WARNING - Erreur lors de la fermeture du workbook: (-2147417848, 'L’objet invoqué s’est déconnecté de ses clients.', None, None)
2025-05-28 07:56:28,253 - DEBUG - Excel fermé
2025-05-28 07:56:28,253 - INFO - Tentative de fermeture de toutes les instances Excel...
2025-05-28 07:56:31,810 - DEBUG - Instance Excel trouvée - PID: 22272, Créé le: 2025-05-28 07:55:12
2025-05-28 07:56:31,812 - INFO - Instance Excel terminée - PID: 22272, Créé le: 2025-05-28 07:55:12
2025-05-28 07:56:32,033 - INFO - Attente de 2 secondes après la fermeture d'Excel...
2025-05-28 07:56:34,035 - INFO - Nettoyage terminé
